[0m[[0m[0mdebug[0m] [0m[0m> Exec(;Test/compile; collectAnalyses, None, Some(CommandSource(network-1)))[0m
[0m[[0m[0mdebug[0m] [0m[0munmatched Processing event for requestId None: None[0m
[0m[[0m[0mdebug[0m] [0m[0munmatched Done event for requestId None: None[0m
[0m[[0m[0mdebug[0m] [0m[0m> Exec(Test/compile, None, Some(CommandSource(network-1)))[0m
[0m[[0m[0mdebug[0m] [0m[0munmatched Processing event for requestId None: None[0m
[0m[[0m[0mdebug[0m] [0m[0mEvaluating tasks: Test / compile[0m
[0m[[0m[0mdebug[0m] [0m[0mRunning task... Cancel: Signal, check cycles: false, forcegc: true[0m
[0m[[0m[0mdebug[0m] [0m[0mjsonRpcNotify: JsonRpcNotificationMessage(2.0, build/taskStart, {"taskId":{"id":"33","parents":[]},"eventTime":1683038716661,"message":"Compiling elidon","dataKind":"compile-task","data":{"target":{"uri":"file:/C:/Users/faido/Documents/My%20Documents/ECE/Semester%206/Advanced%20Computer%20Architecture/Elidon/#elidon/Compile"}}})[0m
[0m[[0m[0minfo[0m] [0m[0mcompiling 1 Scala source to C:\Users\faido\Documents\My Documents\ECE\Semester 6\Advanced Computer Architecture\Elidon\target\scala-2.12\classes ...[0m
[0m[[0m[0mdebug[0m] [0m[0mjsonRpcNotify: JsonRpcNotificationMessage(2.0, build/logMessage, {"type":3,"message":"compiling 1 Scala source to C:\\Users\\faido\\Documents\\My Documents\\ECE\\Semester 6\\Advanced Computer Architecture\\Elidon\\target\\scala-2.12\\classes ..."})[0m
[0m[[0m[0mdebug[0m] [0m[0mjsonRpcNotify: JsonRpcNotificationMessage(2.0, build/taskProgress, {"taskId":{"id":"33","parents":[]},"eventTime":1683038716991,"message":"Compiling elidon (10%)","total":28,"progress":10,"dataKind":"compile-progress","data":{"target":{"uri":"file:/C:/Users/faido/Documents/My%20Documents/ECE/Semester%206/Advanced%20Computer%20Architecture/Elidon/#elidon/Compile"}}})[0m
[0m[[0m[0mdebug[0m] [0m[0mjsonRpcNotify: JsonRpcNotificationMessage(2.0, build/taskProgress, {"taskId":{"id":"33","parents":[]},"eventTime":1683038716992,"message":"Compiling elidon (10%)","total":28,"progress":10,"dataKind":"compile-progress","data":{"target":{"uri":"file:/C:/Users/faido/Documents/My%20Documents/ECE/Semester%206/Advanced%20Computer%20Architecture/Elidon/#elidon/Compile"}}})[0m
[0m[[0m[0mdebug[0m] [0m[0mlsp-definition json request: {"textDocument":{"uri":"file:///c%3A/Users/faido/Documents/My%20Documents/ECE/Semester%206/Advanced%20Computer%20Architecture/Elidon/src/main/scala/Fetch%20Stage/FetchStage.scala"},"position":{"line":10,"character":30}}[0m
[0m[[0m[0mdebug[0m] [0m[0mjsonRpcNotify: JsonRpcNotificationMessage(2.0, build/taskProgress, {"taskId":{"id":"33","parents":[]},"eventTime":1683038717159,"message":"Compiling elidon (25%)","total":28,"progress":25,"dataKind":"compile-progress","data":{"target":{"uri":"file:/C:/Users/faido/Documents/My%20Documents/ECE/Semester%206/Advanced%20Computer%20Architecture/Elidon/#elidon/Compile"}}})[0m
[0m[[0m[0mdebug[0m] [0m[0mjsonRpcNotify: JsonRpcNotificationMessage(2.0, build/taskProgress, {"taskId":{"id":"33","parents":[]},"eventTime":1683038717159,"message":"Compiling elidon (25%)","total":28,"progress":25,"dataKind":"compile-progress","data":{"target":{"uri":"file:/C:/Users/faido/Documents/My%20Documents/ECE/Semester%206/Advanced%20Computer%20Architecture/Elidon/#elidon/Compile"}}})[0m
[0m[[0m[0mdebug[0m] [0m[0mlsp-definition found line:   val instructionMemory = Module(new InstructionMemory)[0m
[0m[[0m[0mdebug[0m] [0m[0mjsonRpcNotify: JsonRpcNotificationMessage(2.0, build/taskProgress, {"taskId":{"id":"33","parents":[]},"eventTime":1683038717163,"message":"Compiling elidon (35%)","total":28,"progress":35,"dataKind":"compile-progress","data":{"target":{"uri":"file:/C:/Users/faido/Documents/My%20Documents/ECE/Semester%206/Advanced%20Computer%20Architecture/Elidon/#elidon/Compile"}}})[0m
[0m[[0m[0mdebug[0m] [0m[0mjsonRpcNotify: JsonRpcNotificationMessage(2.0, build/taskProgress, {"taskId":{"id":"33","parents":[]},"eventTime":1683038717163,"message":"Compiling elidon (35%)","total":28,"progress":35,"dataKind":"compile-progress","data":{"target":{"uri":"file:/C:/Users/faido/Documents/My%20Documents/ECE/Semester%206/Advanced%20Computer%20Architecture/Elidon/#elidon/Compile"}}})[0m
[0m[[0m[0mdebug[0m] [0m[0mjsonRpcNotify: JsonRpcNotificationMessage(2.0, build/taskProgress, {"taskId":{"id":"33","parents":[]},"eventTime":1683038717242,"message":"Compiling elidon (50%)","total":28,"progress":50,"dataKind":"compile-progress","data":{"target":{"uri":"file:/C:/Users/faido/Documents/My%20Documents/ECE/Semester%206/Advanced%20Computer%20Architecture/Elidon/#elidon/Compile"}}})[0m
[0m[[0m[0mdebug[0m] [0m[0mjsonRpcNotify: JsonRpcNotificationMessage(2.0, build/taskProgress, {"taskId":{"id":"33","parents":[]},"eventTime":1683038717244,"message":"Compiling elidon (50%)","total":28,"progress":50,"dataKind":"compile-progress","data":{"target":{"uri":"file:/C:/Users/faido/Documents/My%20Documents/ECE/Semester%206/Advanced%20Computer%20Architecture/Elidon/#elidon/Compile"}}})[0m
[0m[[0m[0mdebug[0m] [0m[0mjsonRpcNotify: JsonRpcNotificationMessage(2.0, build/taskProgress, {"taskId":{"id":"33","parents":[]},"eventTime":1683038717329,"message":"Compiling elidon (60%)","total":28,"progress":60,"dataKind":"compile-progress","data":{"target":{"uri":"file:/C:/Users/faido/Documents/My%20Documents/ECE/Semester%206/Advanced%20Computer%20Architecture/Elidon/#elidon/Compile"}}})[0m
[0m[[0m[0mdebug[0m] [0m[0mjsonRpcNotify: JsonRpcNotificationMessage(2.0, build/taskProgress, {"taskId":{"id":"33","parents":[]},"eventTime":1683038717759,"message":"Compiling elidon (60%)","total":28,"progress":60,"dataKind":"compile-progress","data":{"target":{"uri":"file:/C:/Users/faido/Documents/My%20Documents/ECE/Semester%206/Advanced%20Computer%20Architecture/Elidon/#elidon/Compile"}}})[0m
[0m[[0m[0mdebug[0m] [0m[0mjsonRpcNotify: JsonRpcNotificationMessage(2.0, build/taskProgress, {"taskId":{"id":"33","parents":[]},"eventTime":1683038717805,"message":"Compiling elidon (75%)","total":28,"progress":75,"dataKind":"compile-progress","data":{"target":{"uri":"file:/C:/Users/faido/Documents/My%20Documents/ECE/Semester%206/Advanced%20Computer%20Architecture/Elidon/#elidon/Compile"}}})[0m
[0m[[0m[0mdebug[0m] [0m[0mjsonRpcNotify: JsonRpcNotificationMessage(2.0, build/taskProgress, {"taskId":{"id":"33","parents":[]},"eventTime":1683038717806,"message":"Compiling elidon (75%)","total":28,"progress":75,"dataKind":"compile-progress","data":{"target":{"uri":"file:/C:/Users/faido/Documents/My%20Documents/ECE/Semester%206/Advanced%20Computer%20Architecture/Elidon/#elidon/Compile"}}})[0m
[0m[[0m[0mdebug[0m] [0m[0mjsonRpcNotify: JsonRpcNotificationMessage(2.0, build/taskProgress, {"taskId":{"id":"33","parents":[]},"eventTime":1683038717876,"message":"Compiling elidon (85%)","total":28,"progress":85,"dataKind":"compile-progress","data":{"target":{"uri":"file:/C:/Users/faido/Documents/My%20Documents/ECE/Semester%206/Advanced%20Computer%20Architecture/Elidon/#elidon/Compile"}}})[0m
[0m[[0m[0mdebug[0m] [0m[0mjsonRpcNotify: JsonRpcNotificationMessage(2.0, build/taskProgress, {"taskId":{"id":"33","parents":[]},"eventTime":1683038717877,"message":"Compiling elidon (85%)","total":28,"progress":85,"dataKind":"compile-progress","data":{"target":{"uri":"file:/C:/Users/faido/Documents/My%20Documents/ECE/Semester%206/Advanced%20Computer%20Architecture/Elidon/#elidon/Compile"}}})[0m
[0m[[0m[0mdebug[0m] [0m[0mjsonRpcNotify: JsonRpcNotificationMessage(2.0, build/taskProgress, {"taskId":{"id":"33","parents":[]},"eventTime":1683038718019,"message":"Compiling elidon (100%)","total":28,"progress":100,"dataKind":"compile-progress","data":{"target":{"uri":"file:/C:/Users/faido/Documents/My%20Documents/ECE/Semester%206/Advanced%20Computer%20Architecture/Elidon/#elidon/Compile"}}})[0m
[0m[[0m[0mdebug[0m] [0m[0mjsonRpcNotify: JsonRpcNotificationMessage(2.0, build/taskProgress, {"taskId":{"id":"33","parents":[]},"eventTime":1683038718020,"message":"Compiling elidon (100%)","total":28,"progress":100,"dataKind":"compile-progress","data":{"target":{"uri":"file:/C:/Users/faido/Documents/My%20Documents/ECE/Semester%206/Advanced%20Computer%20Architecture/Elidon/#elidon/Compile"}}})[0m
[0m[[0m[0mdebug[0m] [0m[0mjsonRpcNotify: JsonRpcNotificationMessage(2.0, build/publishDiagnostics, {"textDocument":{"uri":"file:///C:/Users/faido/Documents/My%20Documents/ECE/Semester%206/Advanced%20Computer%20Architecture/Elidon/src/main/scala/Fetch%20Stage/FetchStage.scala"},"buildTarget":{"uri":"file:/C:/Users/faido/Documents/My%20Documents/ECE/Semester%206/Advanced%20Computer%20Architecture/Elidon/#elidon/Compile"},"diagnostics":[],"reset":true})[0m
[0m[[0m[0mdebug[0m] [0m[0mjsonRpcNotify: JsonRpcNotificationMessage(2.0, build/taskFinish, {"taskId":{"id":"33","parents":[]},"eventTime":1683038718117,"message":"Compiled elidon","status":1,"dataKind":"compile-report","data":{"target":{"uri":"file:/C:/Users/faido/Documents/My%20Documents/ECE/Semester%206/Advanced%20Computer%20Architecture/Elidon/#elidon/Compile"},"errors":0,"warnings":0,"time":1456}})[0m
[0m[[0m[0mdebug[0m] [0m[0mjsonRpcNotify: JsonRpcNotificationMessage(2.0, build/taskStart, {"taskId":{"id":"34","parents":[]},"eventTime":1683038718341,"message":"Compiling elidon-test","dataKind":"compile-task","data":{"target":{"uri":"file:/C:/Users/faido/Documents/My%20Documents/ECE/Semester%206/Advanced%20Computer%20Architecture/Elidon/#elidon/Test"}}})[0m
[0m[[0m[0minfo[0m] [0m[0mcompiling 1 Scala source to C:\Users\faido\Documents\My Documents\ECE\Semester 6\Advanced Computer Architecture\Elidon\target\scala-2.12\test-classes ...[0m
[0m[[0m[0mdebug[0m] [0m[0mjsonRpcNotify: JsonRpcNotificationMessage(2.0, build/logMessage, {"type":3,"message":"compiling 1 Scala source to C:\\Users\\faido\\Documents\\My Documents\\ECE\\Semester 6\\Advanced Computer Architecture\\Elidon\\target\\scala-2.12\\test-classes ..."})[0m
[0m[[0m[0mdebug[0m] [0m[0mjsonRpcNotify: JsonRpcNotificationMessage(2.0, build/taskProgress, {"taskId":{"id":"34","parents":[]},"eventTime":1683038718520,"message":"Compiling elidon-test (10%)","total":28,"progress":10,"dataKind":"compile-progress","data":{"target":{"uri":"file:/C:/Users/faido/Documents/My%20Documents/ECE/Semester%206/Advanced%20Computer%20Architecture/Elidon/#elidon/Test"}}})[0m
[0m[[0m[0mdebug[0m] [0m[0mjsonRpcNotify: JsonRpcNotificationMessage(2.0, build/taskProgress, {"taskId":{"id":"34","parents":[]},"eventTime":1683038718521,"message":"Compiling elidon-test (10%)","total":28,"progress":10,"dataKind":"compile-progress","data":{"target":{"uri":"file:/C:/Users/faido/Documents/My%20Documents/ECE/Semester%206/Advanced%20Computer%20Architecture/Elidon/#elidon/Test"}}})[0m
[0m[[0m[0mdebug[0m] [0m[0mjsonRpcNotify: JsonRpcNotificationMessage(2.0, build/publishDiagnostics, {"textDocument":{"uri":"file:///C:/Users/faido/Documents/My%20Documents/ECE/Semester%206/Advanced%20Computer%20Architecture/Elidon/src/test/scala/empty/AddTester.scala"},"buildTarget":{"uri":"file:/C:/Users/faido/Documents/My%20Documents/ECE/Semester%206/Advanced%20Computer%20Architecture/Elidon/#elidon/Test"},"diagnostics":[{"range":{"start":{"line":16,"character":13},"end":{"line":16,"character":14}},"severity":1,"source":"sbt","message":"not found: type Add"}],"reset":false})[0m
[0m[[0m[31merror[0m] [0m[0mC:\Users\faido\Documents\My Documents\ECE\Semester 6\Advanced Computer Architecture\Elidon\src\test\scala\empty\AddTester.scala:17:14: not found: type Add[0m
[0m[[0m[31merror[0m] [0m[0m    test(new Add) { dut =>[0m
[0m[[0m[31merror[0m] [0m[0m             ^[0m
[0m[[0m[0mdebug[0m] [0m[0mjsonRpcNotify: JsonRpcNotificationMessage(2.0, build/logMessage, {"type":1,"message":"C:\\Users\\faido\\Documents\\My Documents\\ECE\\Semester 6\\Advanced Computer Architecture\\Elidon\\src\\test\\scala\\empty\\AddTester.scala:17:14: not found: type Add"})[0m
[0m[[0m[0mdebug[0m] [0m[0mjsonRpcNotify: JsonRpcNotificationMessage(2.0, build/logMessage, {"type":1,"message":"    test(new Add) { dut =>"})[0m
[0m[[0m[0mdebug[0m] [0m[0mjsonRpcNotify: JsonRpcNotificationMessage(2.0, build/logMessage, {"type":1,"message":"             ^"})[0m
[0m[[0m[31merror[0m] [0m[0mone error found[0m
[0m[[0m[0mdebug[0m] [0m[0mjsonRpcNotify: JsonRpcNotificationMessage(2.0, build/logMessage, {"type":1,"message":"one error found"})[0m
[0m[[0m[0mdebug[0m] [0m[0mjsonRpcNotify: JsonRpcNotificationMessage(2.0, build/publishDiagnostics, {"textDocument":{"uri":"file:///C:/Users/faido/Documents/My%20Documents/ECE/Semester%206/Advanced%20Computer%20Architecture/Elidon/src/test/scala/empty/AddTester.scala"},"buildTarget":{"uri":"file:/C:/Users/faido/Documents/My%20Documents/ECE/Semester%206/Advanced%20Computer%20Architecture/Elidon/#elidon/Test"},"diagnostics":[{"range":{"start":{"line":16,"character":13},"end":{"line":16,"character":14}},"severity":1,"source":"sbt","message":"not found: type Add"}],"reset":true})[0m
[0m[[0m[0mdebug[0m] [0m[0mjsonRpcNotify: JsonRpcNotificationMessage(2.0, build/taskFinish, {"taskId":{"id":"34","parents":[]},"eventTime":1683038718837,"message":"Compiled elidon-test","status":2,"dataKind":"compile-report","data":{"target":{"uri":"file:/C:/Users/faido/Documents/My%20Documents/ECE/Semester%206/Advanced%20Computer%20Architecture/Elidon/#elidon/Test"},"errors":1,"warnings":0,"time":496}})[0m
[0m[[0m[0mdebug[0m] [0m[0munmatched json error for requestId None: {"code":-32603,"message":"(Test / \u001b[31mcompileIncremental\u001b[0m) Compilation failed"}[0m
[0m[[0m[31merror[0m] [0m[0m(Test / [31mcompileIncremental[0m) Compilation failed[0m
[0m[[0m[0mdebug[0m] [0m[0mjsonRpcNotify: JsonRpcNotificationMessage(2.0, build/logMessage, {"type":1,"message":"(Test / \u001b[31mcompileIncremental\u001b[0m) Compilation failed"})[0m
[0m[[0m[31merror[0m] [0m[0mTotal time: 2 s, completed 2 May 2023, 16:45:18[0m
[0m[[0m[0mdebug[0m] [0m[0munmatched Done event for requestId None: None[0m
[0m[[0m[0mdebug[0m] [0m[0m> Exec(shell, None, None)[0m
[0m[[0m[0mdebug[0m] [0m[0msymbol Module[0m
[0m[[0m[0mdebug[0m] [0m[0mlsp-definition potentials: Set()[0m
[0m[[0m[0mdebug[0m] [0m[0mlsp-definition locations Vector()[0m
