[debug] > Exec(early(addDefaultCommands), None, None)
[debug] > Exec(addDefaultCommands, None, None)
[debug] > Exec(early(initialize), None, None)
[debug] > Exec(initialize, None, None)
[debug] > Exec(boot, None, None)
[debug] > Exec(writeSbtVersion, None, None)
[debug] > Exec(reload, None, None)
[debug] > Exec(sbtStashOnFailure, None, None)
[debug] > Exec(onFailure loadFailed, None, None)
[debug] > Exec(loadp, None, None)
[info] welcome to sbt 1.8.2 (Oracle Corporation Java 1.8.0_301)
[debug] Load.defaultLoad until apply took 161.6853ms
[debug]                 Load.loadUnit: plugins took 130.0417ms
[debug]                 Load.loadUnit: defsScala took 0.6916ms
[debug] [Loading] Scanning directory C:\Users\faido\Documents\My Documents\ECE\Semester 6\Advanced Computer Architecture\Elidon\project\project
[debug]                   Load.loadUnit: mkEval took 14.8157ms
[debug] [Loading] Found non-root projects 
[debug] [Loading] Done in C:\Users\faido\Documents\My Documents\ECE\Semester 6\Advanced Computer Architecture\Elidon\project\project, returning: ()
[debug] deducing auto plugins based on known facts Set(Atom(sbt.plugins.CorePlugin)) and clauses Clauses(Clause(Atom(sbt.plugins.JvmPlugin),Set(Atom(sbt.plugins.IvyPlugin)))
[debug] Clause(Atom(sbt.ScriptedPlugin),Set(Atom(sbt.plugins.JvmPlugin)))
[debug] Clause(Atom(sbt.plugins.SbtPlugin),Set(Atom(sbt.ScriptedPlugin)))
[debug] Clause(Atom(sbt.plugins.SemanticdbPlugin),Set(Atom(sbt.plugins.JvmPlugin)))
[debug] Clause(Atom(sbt.plugins.JUnitXmlReportPlugin),Set(Atom(sbt.plugins.JvmPlugin)))
[debug] Clause(Atom(sbt.plugins.MiniDependencyTreePlugin),Set(Atom(sbt.plugins.JvmPlugin)))
[debug] Clause(Atom(sbt.plugins.CorePlugin),Set(Atom(sbt.plugins.IvyPlugin)))
[debug] Clause(Atom(sbt.plugins.IvyPlugin),Set(Atom(sbt.plugins.JvmPlugin)))
[debug] Clause(Atom(sbt.plugins.JvmPlugin),Set(Atom(sbt.plugins.SemanticdbPlugin)))
[debug] Clause(Atom(sbt.plugins.JvmPlugin),Set(Atom(sbt.plugins.JUnitXmlReportPlugin)))
[debug] Clause(Atom(sbt.plugins.CorePlugin),Set(Atom(sbt.plugins.Giter8TemplatePlugin)))
[debug] Clause(Atom(sbt.plugins.JvmPlugin),Set(Atom(sbt.plugins.MiniDependencyTreePlugin))))
[debug]   :: deduced result: Matched(sbt.plugins.CorePlugin,sbt.plugins.Giter8TemplatePlugin,sbt.plugins.IvyPlugin,sbt.plugins.JvmPlugin,sbt.plugins.MiniDependencyTreePlugin,sbt.plugins.JUnitXmlReportPlugin,sbt.plugins.SemanticdbPlugin)
[debug] Plugins.deducer#function took 29.5313 ms
[info] loading settings for project elidon-build-build from metals.sbt ...
[debug]                     Load.resolveProject(elidon-build-build) took 90.6824ms
[debug]                   Load.loadTransitive: finalizeProject(Project(id elidon-build-build, base: C:\Users\faido\Documents\My Documents\ECE\Semester 6\Advanced Computer Architecture\Elidon\project\project, plugins: List(<none>))) took 134.943ms
[debug] [Loading] Done in C:\Users\faido\Documents\My Documents\ECE\Semester 6\Advanced Computer Architecture\Elidon\project\project, returning: (elidon-build-build)
[debug]                 Load.loadUnit: loadedProjectsRaw took 4195.4357ms
[debug]                 Load.loadUnit: cleanEvalClasses took 14.3836ms
[debug]               Load.loadUnit(file:/C:/Users/faido/Documents/My%20Documents/ECE/Semester%206/Advanced%20Computer%20Architecture/Elidon/project/project/, ...) took 4350.7609ms
[debug]             Load.apply: load took 4551.0186ms
[debug]             Load.apply: resolveProjects took 11.8591ms
[debug]             Load.apply: finalTransforms took 120.3209ms
[debug]             Load.apply: config.delegates took 13.3727ms
[debug]             Load.apply: Def.make(settings)... took 744.2716ms
[debug]             Load.apply: structureIndex took 297.4818ms
[debug]             Load.apply: mkStreams took 3.2821ms
[info] loading project definition from C:\Users\faido\Documents\My Documents\ECE\Semester 6\Advanced Computer Architecture\Elidon\project\project
[debug] Running task... Cancel: Signal, check cycles: false, forcegc: true
[debug]           Load.loadUnit: plugins took 11553.9025ms
[debug]           Load.loadUnit: defsScala took 0.0061ms
[debug] [Loading] Scanning directory C:\Users\faido\Documents\My Documents\ECE\Semester 6\Advanced Computer Architecture\Elidon\project
[debug]             Load.loadUnit: mkEval took 0.63ms
[debug] [Loading] Found non-root projects 
[debug] [Loading] Done in C:\Users\faido\Documents\My Documents\ECE\Semester 6\Advanced Computer Architecture\Elidon\project, returning: ()
[debug] deducing auto plugins based on known facts Set(Atom(sbt.plugins.CorePlugin)) and clauses Clauses(Clause(Atom(sbt.plugins.JvmPlugin),Set(Atom(sbt.plugins.IvyPlugin)))
[debug] Clause(Atom(sbt.ScriptedPlugin),Set(Atom(sbt.plugins.JvmPlugin)))
[debug] Clause(Atom(sbt.plugins.SbtPlugin),Set(Atom(sbt.ScriptedPlugin)))
[debug] Clause(Atom(sbt.plugins.SemanticdbPlugin),Set(Atom(sbt.plugins.JvmPlugin)))
[debug] Clause(Atom(sbt.plugins.JUnitXmlReportPlugin),Set(Atom(sbt.plugins.JvmPlugin)))
[debug] Clause(Atom(sbt.plugins.MiniDependencyTreePlugin),Set(Atom(sbt.plugins.JvmPlugin)))
[debug] Clause(Atom(bloop.integrations.sbt.BloopPlugin),Set(Atom(sbt.plugins.JvmPlugin)))
[debug] Clause(Atom(sbt.plugins.CorePlugin),Set(Atom(sbt.plugins.IvyPlugin)))
[debug] Clause(Atom(sbt.plugins.IvyPlugin),Set(Atom(sbt.plugins.JvmPlugin)))
[debug] Clause(Atom(sbt.plugins.JvmPlugin),Set(Atom(sbt.plugins.SemanticdbPlugin)))
[debug] Clause(Atom(sbt.plugins.JvmPlugin),Set(Atom(sbt.plugins.JUnitXmlReportPlugin)))
[debug] Clause(Atom(sbt.plugins.CorePlugin),Set(Atom(sbt.plugins.Giter8TemplatePlugin)))
[debug] Clause(Atom(sbt.plugins.JvmPlugin),Set(Atom(sbt.plugins.MiniDependencyTreePlugin)))
[debug] Clause(Atom(sbt.plugins.JvmPlugin),Set(Atom(bloop.integrations.sbt.BloopPlugin))))
[debug]   :: deduced result: Matched(sbt.plugins.CorePlugin,sbt.plugins.Giter8TemplatePlugin,sbt.plugins.IvyPlugin,sbt.plugins.JvmPlugin,bloop.integrations.sbt.BloopPlugin,sbt.plugins.MiniDependencyTreePlugin,sbt.plugins.JUnitXmlReportPlugin,sbt.plugins.SemanticdbPlugin)
[debug] Plugins.deducer#function took 4.2107 ms
[info] loading settings for project elidon-build from metals.sbt ...
[debug]               Load.resolveProject(elidon-build) took 31.0014ms
[debug]             Load.loadTransitive: finalizeProject(Project(id elidon-build, base: C:\Users\faido\Documents\My Documents\ECE\Semester 6\Advanced Computer Architecture\Elidon\project, plugins: List(<none>))) took 36.2631ms
[debug] [Loading] Done in C:\Users\faido\Documents\My Documents\ECE\Semester 6\Advanced Computer Architecture\Elidon\project, returning: (elidon-build)
[debug]           Load.loadUnit: loadedProjectsRaw took 1020.4623ms
[debug]           Load.loadUnit: cleanEvalClasses took 2.9647ms
[debug]         Load.loadUnit(file:/C:/Users/faido/Documents/My%20Documents/ECE/Semester%206/Advanced%20Computer%20Architecture/Elidon/project/, ...) took 12579.9138ms
[debug]       Load.apply: load took 12583.4103ms
[debug]       Load.apply: resolveProjects took 0.2675ms
[debug]       Load.apply: finalTransforms took 30.5834ms
[debug]       Load.apply: config.delegates took 0.6732ms
[debug]       Load.apply: Def.make(settings)... took 139.2268ms
[debug]       Load.apply: structureIndex took 44.675ms
[debug]       Load.apply: mkStreams took 0.0035ms
[info] loading project definition from C:\Users\faido\Documents\My Documents\ECE\Semester 6\Advanced Computer Architecture\Elidon\project
[debug] Evaluating tasks: bloopInstall
[debug] Running task... Cancel: Signal, check cycles: false, forcegc: true
