[0m[[0m[0mdebug[0m] [0m[0m> Exec(;Test/compile; collectAnalyses, None, Some(CommandSource(network-1)))[0m
[0m[[0m[0mdebug[0m] [0m[0munmatched Processing event for requestId None: None[0m
[0m[[0m[0mdebug[0m] [0m[0munmatched Done event for requestId None: None[0m
[0m[[0m[0mdebug[0m] [0m[0m> Exec(Test/compile, None, Some(CommandSource(network-1)))[0m
[0m[[0m[0mdebug[0m] [0m[0munmatched Processing event for requestId None: None[0m
[0m[[0m[0mdebug[0m] [0m[0mEvaluating tasks: Test / compile[0m
[0m[[0m[0mdebug[0m] [0m[0mRunning task... Cancel: Signal, check cycles: false, forcegc: true[0m
[0m[[0m[0mdebug[0m] [0m[0mjsonRpcNotify: JsonRpcNotificationMessage(2.0, build/taskStart, {"taskId":{"id":"35","parents":[]},"eventTime":1683039305698,"message":"Compiling elidon","dataKind":"compile-task","data":{"target":{"uri":"file:/C:/Users/faido/Documents/My%20Documents/ECE/Semester%206/Advanced%20Computer%20Architecture/Elidon/#elidon/Compile"}}})[0m
[0m[[0m[0minfo[0m] [0m[0mcompiling 1 Scala source to C:\Users\faido\Documents\My Documents\ECE\Semester 6\Advanced Computer Architecture\Elidon\target\scala-2.12\classes ...[0m
[0m[[0m[0mdebug[0m] [0m[0mjsonRpcNotify: JsonRpcNotificationMessage(2.0, build/logMessage, {"type":3,"message":"compiling 1 Scala source to C:\\Users\\faido\\Documents\\My Documents\\ECE\\Semester 6\\Advanced Computer Architecture\\Elidon\\target\\scala-2.12\\classes ..."})[0m
[0m[[0m[0mdebug[0m] [0m[0mjsonRpcNotify: JsonRpcNotificationMessage(2.0, build/taskProgress, {"taskId":{"id":"35","parents":[]},"eventTime":1683039306095,"message":"Compiling elidon (10%)","total":28,"progress":10,"dataKind":"compile-progress","data":{"target":{"uri":"file:/C:/Users/faido/Documents/My%20Documents/ECE/Semester%206/Advanced%20Computer%20Architecture/Elidon/#elidon/Compile"}}})[0m
[0m[[0m[0mdebug[0m] [0m[0mjsonRpcNotify: JsonRpcNotificationMessage(2.0, build/taskProgress, {"taskId":{"id":"35","parents":[]},"eventTime":1683039306095,"message":"Compiling elidon (10%)","total":28,"progress":10,"dataKind":"compile-progress","data":{"target":{"uri":"file:/C:/Users/faido/Documents/My%20Documents/ECE/Semester%206/Advanced%20Computer%20Architecture/Elidon/#elidon/Compile"}}})[0m
[0m[[0m[0mdebug[0m] [0m[0mjsonRpcNotify: JsonRpcNotificationMessage(2.0, build/taskProgress, {"taskId":{"id":"35","parents":[]},"eventTime":1683039306391,"message":"Compiling elidon (25%)","total":28,"progress":25,"dataKind":"compile-progress","data":{"target":{"uri":"file:/C:/Users/faido/Documents/My%20Documents/ECE/Semester%206/Advanced%20Computer%20Architecture/Elidon/#elidon/Compile"}}})[0m
[0m[[0m[0mdebug[0m] [0m[0mjsonRpcNotify: JsonRpcNotificationMessage(2.0, build/taskProgress, {"taskId":{"id":"35","parents":[]},"eventTime":1683039306391,"message":"Compiling elidon (25%)","total":28,"progress":25,"dataKind":"compile-progress","data":{"target":{"uri":"file:/C:/Users/faido/Documents/My%20Documents/ECE/Semester%206/Advanced%20Computer%20Architecture/Elidon/#elidon/Compile"}}})[0m
[0m[[0m[0mdebug[0m] [0m[0mjsonRpcNotify: JsonRpcNotificationMessage(2.0, build/taskProgress, {"taskId":{"id":"35","parents":[]},"eventTime":1683039306394,"message":"Compiling elidon (35%)","total":28,"progress":35,"dataKind":"compile-progress","data":{"target":{"uri":"file:/C:/Users/faido/Documents/My%20Documents/ECE/Semester%206/Advanced%20Computer%20Architecture/Elidon/#elidon/Compile"}}})[0m
[0m[[0m[0mdebug[0m] [0m[0mjsonRpcNotify: JsonRpcNotificationMessage(2.0, build/taskProgress, {"taskId":{"id":"35","parents":[]},"eventTime":1683039306395,"message":"Compiling elidon (35%)","total":28,"progress":35,"dataKind":"compile-progress","data":{"target":{"uri":"file:/C:/Users/faido/Documents/My%20Documents/ECE/Semester%206/Advanced%20Computer%20Architecture/Elidon/#elidon/Compile"}}})[0m
[0m[[0m[0mdebug[0m] [0m[0mjsonRpcNotify: JsonRpcNotificationMessage(2.0, build/taskProgress, {"taskId":{"id":"35","parents":[]},"eventTime":1683039306488,"message":"Compiling elidon (50%)","total":28,"progress":50,"dataKind":"compile-progress","data":{"target":{"uri":"file:/C:/Users/faido/Documents/My%20Documents/ECE/Semester%206/Advanced%20Computer%20Architecture/Elidon/#elidon/Compile"}}})[0m
[0m[[0m[0mdebug[0m] [0m[0mjsonRpcNotify: JsonRpcNotificationMessage(2.0, build/taskProgress, {"taskId":{"id":"35","parents":[]},"eventTime":1683039306488,"message":"Compiling elidon (50%)","total":28,"progress":50,"dataKind":"compile-progress","data":{"target":{"uri":"file:/C:/Users/faido/Documents/My%20Documents/ECE/Semester%206/Advanced%20Computer%20Architecture/Elidon/#elidon/Compile"}}})[0m
[0m[[0m[0mdebug[0m] [0m[0mjsonRpcNotify: JsonRpcNotificationMessage(2.0, build/taskProgress, {"taskId":{"id":"35","parents":[]},"eventTime":1683039306562,"message":"Compiling elidon (60%)","total":28,"progress":60,"dataKind":"compile-progress","data":{"target":{"uri":"file:/C:/Users/faido/Documents/My%20Documents/ECE/Semester%206/Advanced%20Computer%20Architecture/Elidon/#elidon/Compile"}}})[0m
[0m[[0m[0mdebug[0m] [0m[0mjsonRpcNotify: JsonRpcNotificationMessage(2.0, build/taskProgress, {"taskId":{"id":"35","parents":[]},"eventTime":1683039306655,"message":"Compiling elidon (60%)","total":28,"progress":60,"dataKind":"compile-progress","data":{"target":{"uri":"file:/C:/Users/faido/Documents/My%20Documents/ECE/Semester%206/Advanced%20Computer%20Architecture/Elidon/#elidon/Compile"}}})[0m
[0m[[0m[0mdebug[0m] [0m[0mjsonRpcNotify: JsonRpcNotificationMessage(2.0, build/taskProgress, {"taskId":{"id":"35","parents":[]},"eventTime":1683039306665,"message":"Compiling elidon (75%)","total":28,"progress":75,"dataKind":"compile-progress","data":{"target":{"uri":"file:/C:/Users/faido/Documents/My%20Documents/ECE/Semester%206/Advanced%20Computer%20Architecture/Elidon/#elidon/Compile"}}})[0m
[0m[[0m[0mdebug[0m] [0m[0mjsonRpcNotify: JsonRpcNotificationMessage(2.0, build/taskProgress, {"taskId":{"id":"35","parents":[]},"eventTime":1683039306665,"message":"Compiling elidon (75%)","total":28,"progress":75,"dataKind":"compile-progress","data":{"target":{"uri":"file:/C:/Users/faido/Documents/My%20Documents/ECE/Semester%206/Advanced%20Computer%20Architecture/Elidon/#elidon/Compile"}}})[0m
[0m[[0m[0mdebug[0m] [0m[0mjsonRpcNotify: JsonRpcNotificationMessage(2.0, build/taskProgress, {"taskId":{"id":"35","parents":[]},"eventTime":1683039306671,"message":"Compiling elidon (85%)","total":28,"progress":85,"dataKind":"compile-progress","data":{"target":{"uri":"file:/C:/Users/faido/Documents/My%20Documents/ECE/Semester%206/Advanced%20Computer%20Architecture/Elidon/#elidon/Compile"}}})[0m
[0m[[0m[0mdebug[0m] [0m[0mjsonRpcNotify: JsonRpcNotificationMessage(2.0, build/taskProgress, {"taskId":{"id":"35","parents":[]},"eventTime":1683039306671,"message":"Compiling elidon (85%)","total":28,"progress":85,"dataKind":"compile-progress","data":{"target":{"uri":"file:/C:/Users/faido/Documents/My%20Documents/ECE/Semester%206/Advanced%20Computer%20Architecture/Elidon/#elidon/Compile"}}})[0m
[0m[[0m[0mdebug[0m] [0m[0mjsonRpcNotify: JsonRpcNotificationMessage(2.0, build/taskProgress, {"taskId":{"id":"35","parents":[]},"eventTime":1683039306708,"message":"Compiling elidon (100%)","total":28,"progress":100,"dataKind":"compile-progress","data":{"target":{"uri":"file:/C:/Users/faido/Documents/My%20Documents/ECE/Semester%206/Advanced%20Computer%20Architecture/Elidon/#elidon/Compile"}}})[0m
[0m[[0m[0mdebug[0m] [0m[0mjsonRpcNotify: JsonRpcNotificationMessage(2.0, build/taskProgress, {"taskId":{"id":"35","parents":[]},"eventTime":1683039306709,"message":"Compiling elidon (100%)","total":28,"progress":100,"dataKind":"compile-progress","data":{"target":{"uri":"file:/C:/Users/faido/Documents/My%20Documents/ECE/Semester%206/Advanced%20Computer%20Architecture/Elidon/#elidon/Compile"}}})[0m
[0m[[0m[0mdebug[0m] [0m[0mjsonRpcNotify: JsonRpcNotificationMessage(2.0, build/taskFinish, {"taskId":{"id":"35","parents":[]},"eventTime":1683039306715,"message":"Compiled elidon","status":1,"dataKind":"compile-report","data":{"target":{"uri":"file:/C:/Users/faido/Documents/My%20Documents/ECE/Semester%206/Advanced%20Computer%20Architecture/Elidon/#elidon/Compile"},"errors":0,"warnings":0,"time":1017}})[0m
[0m[[0m[0mdebug[0m] [0m[0mjsonRpcNotify: JsonRpcNotificationMessage(2.0, build/taskStart, {"taskId":{"id":"36","parents":[]},"eventTime":1683039306762,"message":"Compiling elidon-test","dataKind":"compile-task","data":{"target":{"uri":"file:/C:/Users/faido/Documents/My%20Documents/ECE/Semester%206/Advanced%20Computer%20Architecture/Elidon/#elidon/Test"}}})[0m
[0m[[0m[0minfo[0m] [0m[0mcompiling 1 Scala source to C:\Users\faido\Documents\My Documents\ECE\Semester 6\Advanced Computer Architecture\Elidon\target\scala-2.12\test-classes ...[0m
[0m[[0m[0mdebug[0m] [0m[0mjsonRpcNotify: JsonRpcNotificationMessage(2.0, build/logMessage, {"type":3,"message":"compiling 1 Scala source to C:\\Users\\faido\\Documents\\My Documents\\ECE\\Semester 6\\Advanced Computer Architecture\\Elidon\\target\\scala-2.12\\test-classes ..."})[0m
[0m[[0m[0mdebug[0m] [0m[0mjsonRpcNotify: JsonRpcNotificationMessage(2.0, build/taskProgress, {"taskId":{"id":"36","parents":[]},"eventTime":1683039306874,"message":"Compiling elidon-test (10%)","total":28,"progress":10,"dataKind":"compile-progress","data":{"target":{"uri":"file:/C:/Users/faido/Documents/My%20Documents/ECE/Semester%206/Advanced%20Computer%20Architecture/Elidon/#elidon/Test"}}})[0m
[0m[[0m[0mdebug[0m] [0m[0mjsonRpcNotify: JsonRpcNotificationMessage(2.0, build/taskProgress, {"taskId":{"id":"36","parents":[]},"eventTime":1683039306874,"message":"Compiling elidon-test (10%)","total":28,"progress":10,"dataKind":"compile-progress","data":{"target":{"uri":"file:/C:/Users/faido/Documents/My%20Documents/ECE/Semester%206/Advanced%20Computer%20Architecture/Elidon/#elidon/Test"}}})[0m
[0m[[0m[0mdebug[0m] [0m[0mjsonRpcNotify: JsonRpcNotificationMessage(2.0, build/publishDiagnostics, {"textDocument":{"uri":"file:///C:/Users/faido/Documents/My%20Documents/ECE/Semester%206/Advanced%20Computer%20Architecture/Elidon/src/test/scala/empty/AddTester.scala"},"buildTarget":{"uri":"file:/C:/Users/faido/Documents/My%20Documents/ECE/Semester%206/Advanced%20Computer%20Architecture/Elidon/#elidon/Test"},"diagnostics":[{"range":{"start":{"line":16,"character":13},"end":{"line":16,"character":14}},"severity":1,"source":"sbt","message":"not found: type Add"}],"reset":false})[0m
[0m[[0m[31merror[0m] [0m[0mC:\Users\faido\Documents\My Documents\ECE\Semester 6\Advanced Computer Architecture\Elidon\src\test\scala\empty\AddTester.scala:17:14: not found: type Add[0m
[0m[[0m[31merror[0m] [0m[0m    test(new Add) { dut =>[0m
[0m[[0m[31merror[0m] [0m[0m             ^[0m
[0m[[0m[0mdebug[0m] [0m[0mjsonRpcNotify: JsonRpcNotificationMessage(2.0, build/logMessage, {"type":1,"message":"C:\\Users\\faido\\Documents\\My Documents\\ECE\\Semester 6\\Advanced Computer Architecture\\Elidon\\src\\test\\scala\\empty\\AddTester.scala:17:14: not found: type Add"})[0m
[0m[[0m[0mdebug[0m] [0m[0mjsonRpcNotify: JsonRpcNotificationMessage(2.0, build/logMessage, {"type":1,"message":"    test(new Add) { dut =>"})[0m
[0m[[0m[0mdebug[0m] [0m[0mjsonRpcNotify: JsonRpcNotificationMessage(2.0, build/logMessage, {"type":1,"message":"             ^"})[0m
[0m[[0m[31merror[0m] [0m[0mone error found[0m
[0m[[0m[0mdebug[0m] [0m[0mjsonRpcNotify: JsonRpcNotificationMessage(2.0, build/logMessage, {"type":1,"message":"one error found"})[0m
[0m[[0m[0mdebug[0m] [0m[0mjsonRpcNotify: JsonRpcNotificationMessage(2.0, build/publishDiagnostics, {"textDocument":{"uri":"file:///C:/Users/faido/Documents/My%20Documents/ECE/Semester%206/Advanced%20Computer%20Architecture/Elidon/src/test/scala/empty/AddTester.scala"},"buildTarget":{"uri":"file:/C:/Users/faido/Documents/My%20Documents/ECE/Semester%206/Advanced%20Computer%20Architecture/Elidon/#elidon/Test"},"diagnostics":[{"range":{"start":{"line":16,"character":13},"end":{"line":16,"character":14}},"severity":1,"source":"sbt","message":"not found: type Add"}],"reset":true})[0m
[0m[[0m[0mdebug[0m] [0m[0mjsonRpcNotify: JsonRpcNotificationMessage(2.0, build/taskFinish, {"taskId":{"id":"36","parents":[]},"eventTime":1683039307040,"message":"Compiled elidon-test","status":2,"dataKind":"compile-report","data":{"target":{"uri":"file:/C:/Users/faido/Documents/My%20Documents/ECE/Semester%206/Advanced%20Computer%20Architecture/Elidon/#elidon/Test"},"errors":1,"warnings":0,"time":278}})[0m
[0m[[0m[0mdebug[0m] [0m[0mForcing garbage collection...[0m
[0m[[0m[0mdebug[0m] [0m[0munmatched json error for requestId None: {"code":-32603,"message":"(Test / \u001b[31mcompileIncremental\u001b[0m) Compilation failed"}[0m
[0m[[0m[31merror[0m] [0m[0m(Test / [31mcompileIncremental[0m) Compilation failed[0m
[0m[[0m[0mdebug[0m] [0m[0mjsonRpcNotify: JsonRpcNotificationMessage(2.0, build/logMessage, {"type":1,"message":"(Test / \u001b[31mcompileIncremental\u001b[0m) Compilation failed"})[0m
[0m[[0m[31merror[0m] [0m[0mTotal time: 2 s, completed 2 May 2023, 16:55:07[0m
[0m[[0m[0mdebug[0m] [0m[0munmatched Done event for requestId None: None[0m
[0m[[0m[0mdebug[0m] [0m[0m> Exec(shell, None, None)[0m
[0m[[0m[0mdebug[0m] [0m[0mUnhandled request received: shutdown: JsonRpcRequestMessage(2.0, ♨13, shutdown, null})[0m
