2023.05.02 15:34:46 INFO  Started: Metals version 0.11.12 in workspace 'C:\Users\faido\Documents\My Documents\ECE\Semester 6\Advanced Computer Architecture\Elidon' for client Visual Studio Code 1.77.3.
May 02, 2023 3:34:46 PM org.flywaydb.core.internal.license.VersionPrinter printVersionOnly
INFO: Flyway Community Edition 9.16.3 by Redgate
May 02, 2023 3:34:46 PM org.flywaydb.core.internal.license.VersionPrinter printVersion
INFO: See release notes here: https://rd.gt/416ObMi
May 02, 2023 3:34:46 PM org.flywaydb.core.internal.license.VersionPrinter printVersion
INFO: 
May 02, 2023 3:34:48 PM org.flywaydb.core.internal.database.base.BaseDatabaseType createDatabase
INFO: Database: jdbc:h2:file:C:\Users\faido\Documents\My Documents\ECE\Semester 6\Advanced Computer Architecture\Elidon\.metals\metals (H2 2.1)
May 02, 2023 3:34:48 PM org.flywaydb.core.internal.schemahistory.JdbcTableSchemaHistory allAppliedMigrations
INFO: Schema history table "PUBLIC"."flyway_schema_history" does not exist yet
May 02, 2023 3:34:48 PM org.flywaydb.core.internal.command.DbValidate validate
INFO: Successfully validated 4 migrations (execution time 00:00.120s)
May 02, 2023 3:34:48 PM org.flywaydb.core.internal.schemahistory.JdbcTableSchemaHistory create
INFO: Creating Schema History table "PUBLIC"."flyway_schema_history" ...
May 02, 2023 3:34:48 PM org.flywaydb.core.internal.command.DbMigrate migrateGroup
INFO: Current version of schema "PUBLIC": << Empty Schema >>
May 02, 2023 3:34:48 PM org.flywaydb.core.internal.command.DbMigrate doMigrateGroup
INFO: Migrating schema "PUBLIC" to version "1 - Create tables"
May 02, 2023 3:34:48 PM org.flywaydb.core.internal.command.DbMigrate doMigrateGroup
INFO: Migrating schema "PUBLIC" to version "2 - Server discovery"
May 02, 2023 3:34:48 PM org.flywaydb.core.internal.command.DbMigrate doMigrateGroup
INFO: Migrating schema "PUBLIC" to version "3 - Jar symbols"
May 02, 2023 3:34:49 PM org.flywaydb.core.internal.command.DbMigrate doMigrateGroup
INFO: Migrating schema "PUBLIC" to version "4 - Fingerprints"
May 02, 2023 3:34:49 PM org.flywaydb.core.internal.command.DbMigrate logSummary
INFO: Successfully applied 4 migrations to schema "PUBLIC", now at version v4 (execution time 00:00.312s)
2023.05.02 15:34:49 INFO  time: initialize in 2.97s
May 02, 2023 3:34:49 PM org.eclipse.lsp4j.jsonrpc.RemoteEndpoint handleNotification
WARNING: Notification threw an exception: {
  "jsonrpc": "2.0",
  "method": "textDocument/didOpen",
  "params": {
    "textDocument": {
      "uri": "file:///c%3A/Users/faido/Documents/My%20Documents/ECE/Semester%206/Advanced%20Computer%20Architecture/Elidon/src/main/scala/empty/PC.scala",
      "languageId": "scala",
      "version": 1,
      "text": "import chisel3._\r\n\r\nclass PC extends Module {\r\n  val io \u003d IO(new Bundle {\r\n    // Clock input to pc\r\n    val clock \u003d Input(Clock()) \r\n    // 1 \u003e normal operation, 0 \u003e resets PC\r\n    val normalOperation \u003d Input(Bool()) \r\n    val sel_a     \u003d Input(Bool()) //\r\n    val sel_imm   \u003d Input(Bool())\r\n    val branch    \u003d Input(Bool())\r\n    val a         \u003d Input(UInt(16.W))\r\n    val d_imm     \u003d Input(UInt(16.W))\r\n    val e_imm     \u003d Input(UInt(16.W))\r\n    val pc_addr   \u003d Input(UInt(16.W))\r\n    val addr      \u003d Output(UInt(16.W))\r\n    val nextAddress \u003d Output(UInt(16.W))\r\n  })\r\n\r\n  val adressReg   \u003d RegInit(0.U(16.W))\r\n  val mux1  \u003d Wire(UInt(16.W))\r\n  val mux2  \u003d Wire(UInt(16.W))\r\n  val mux3  \u003d Wire(UInt(16.W))\r\n\r\n  io.addr      :\u003d mux3\r\n  io.nextAddress :\u003d addresReg\r\n\r\n  mux1 :\u003d Mux(io.branch \u003d\u003d\u003d false.B, addressReg, io.pc_addr)\r\n  mux2 :\u003d Mux(io.branch \u003d\u003d\u003d false.B, 2.U, io.e_imm + 2.U)\r\n\r\n  when(io.sel_imm \u003d\u003d\u003d false.B \u0026\u0026 io.sel_a \u003d\u003d\u003d false.B) {\r\n    mux3 :\u003d mux1 + mux2\r\n  }.elsewhen(io.sel_imm \u003d\u003d\u003d false.B \u0026\u0026 io.sel_a \u003d\u003d\u003d true.B) {\r\n    mux3 :\u003d 4.U + io.a\r\n  }.elsewhen(io.sel_imm \u003d\u003d\u003d true.B \u0026\u0026 io.sel_a \u003d\u003d\u003d false.B) {\r\n    mux3 :\u003d Cat(io.d_imm(13, 0), 0.U(2.W))\r\n  }.otherwise {\r\n    mux3 :\u003d 0.U\r\n  }\r\n\r\n  when(!io.normalOperation) {\r\n    addressReg :\u003d 0.U\r\n  }.elsewhen (risingEdge(io.clock)) {\r\n    addressReg :\u003d mux3\r\n  }\r\n}\r\n\r\n\r\nclass PC2 extends Module {\r\n  val io \u003d IO(new Bundle {\r\n    // 1 \u003e normal operation, 0 \u003e resets PC\r\n    val normalOperation \u003d Input(Bool())\r\n    val jumpAdress \u003d Input(Uint(16.W))\r\n    val jump \u003d Input(Bool())\r\n    val nextAddress \u003d Output(UInt(16.W))\r\n  })\r\n\r\n  val adressReg   \u003d RegInit(0.U(16.W))\r\n  val mux1  \u003d Wire(UInt(16.W))\r\n  val mux2  \u003d Wire(UInt(16.W))\r\n  val mux3  \u003d Wire(UInt(16.W))\r\n\r\n  io.addr      :\u003d mux3\r\n  io.nextAddress :\u003d addresReg\r\n\r\n  mux1 :\u003d Mux(io.branch \u003d\u003d\u003d false.B, addressReg, io.pc_addr)\r\n  mux2 :\u003d Mux(io.branch \u003d\u003d\u003d false.B, 2.U, io.e_imm + 2.U)\r\n\r\n  when(io.sel_imm \u003d\u003d\u003d false.B \u0026\u0026 io.sel_a \u003d\u003d\u003d false.B) {\r\n    mux3 :\u003d mux1 + mux2\r\n  }.elsewhen(io.sel_imm \u003d\u003d\u003d false.B \u0026\u0026 io.sel_a \u003d\u003d\u003d true.B) {\r\n    mux3 :\u003d 4.U + io.a\r\n  }.elsewhen(io.sel_imm \u003d\u003d\u003d true.B \u0026\u0026 io.sel_a \u003d\u003d\u003d false.B) {\r\n    mux3 :\u003d Cat(io.d_imm(13, 0), 0.U(2.W))\r\n  }.otherwise {\r\n    mux3 :\u003d 0.U\r\n  }\r\n\r\n  when(!io.normalOperation) {\r\n    addressReg :\u003d 0.U\r\n  }.otherwise {\r\n    addressReg :\u003d mux3\r\n  }\r\n}\r\n"
    }
  }
}
java.lang.RuntimeException: java.lang.reflect.InvocationTargetException
	at org.eclipse.lsp4j.jsonrpc.services.GenericEndpoint.lambda$null$0(GenericEndpoint.java:67)
	at org.eclipse.lsp4j.jsonrpc.services.GenericEndpoint.notify(GenericEndpoint.java:152)
	at org.eclipse.lsp4j.jsonrpc.RemoteEndpoint.handleNotification(RemoteEndpoint.java:220)
	at org.eclipse.lsp4j.jsonrpc.RemoteEndpoint.consume(RemoteEndpoint.java:187)
	at org.eclipse.lsp4j.jsonrpc.json.StreamMessageProducer.handleMessage(StreamMessageProducer.java:194)
	at org.eclipse.lsp4j.jsonrpc.json.StreamMessageProducer.listen(StreamMessageProducer.java:94)
	at org.eclipse.lsp4j.jsonrpc.json.ConcurrentMessageProcessor.run(ConcurrentMessageProcessor.java:113)
	at java.util.concurrent.Executors$RunnableAdapter.call(Executors.java:511)
	at java.util.concurrent.FutureTask.run(FutureTask.java:266)
	at java.util.concurrent.ThreadPoolExecutor.runWorker(ThreadPoolExecutor.java:1149)
	at java.util.concurrent.ThreadPoolExecutor$Worker.run(ThreadPoolExecutor.java:624)
	at java.lang.Thread.run(Thread.java:748)
Caused by: java.lang.reflect.InvocationTargetException
	at sun.reflect.NativeMethodAccessorImpl.invoke0(Native Method)
	at sun.reflect.NativeMethodAccessorImpl.invoke(NativeMethodAccessorImpl.java:62)
	at sun.reflect.DelegatingMethodAccessorImpl.invoke(DelegatingMethodAccessorImpl.java:43)
	at java.lang.reflect.Method.invoke(Method.java:498)
	at org.eclipse.lsp4j.jsonrpc.services.GenericEndpoint.lambda$null$0(GenericEndpoint.java:65)
	... 11 more
Caused by: java.nio.file.NoSuchFileException: c:\Users\faido\Documents\My Documents\ECE\Semester 6\Advanced Computer Architecture\Elidon\src\main\scala\empty\PC.scala
	at sun.nio.fs.WindowsException.translateToIOException(WindowsException.java:79)
	at sun.nio.fs.WindowsException.rethrowAsIOException(WindowsException.java:97)
	at sun.nio.fs.WindowsException.rethrowAsIOException(WindowsException.java:102)
	at sun.nio.fs.WindowsFileSystemProvider.newByteChannel(WindowsFileSystemProvider.java:230)
	at java.nio.file.Files.newByteChannel(Files.java:361)
	at java.nio.file.Files.newByteChannel(Files.java:407)
	at java.nio.file.Files.readAllBytes(Files.java:3152)
	at scala.meta.internal.io.PlatformFileIO$.slurp(PlatformFileIO.scala:45)
	at scala.meta.internal.io.FileIO$.slurp(FileIO.scala:24)
	at scala.meta.internal.metals.MetalsLspService.didOpen(MetalsLspService.scala:1113)
	at scala.meta.metals.lsp.DelegatingScalaService.didOpen(DelegatingScalaService.scala:39)
	... 16 more

May 02, 2023 3:34:49 PM org.eclipse.lsp4j.jsonrpc.RemoteEndpoint handleNotification
WARNING: Notification threw an exception: {
  "jsonrpc": "2.0",
  "method": "textDocument/didOpen",
  "params": {
    "textDocument": {
      "uri": "file:///c%3A/Users/faido/Documents/My%20Documents/ECE/Semester%206/Advanced%20Computer%20Architecture/Elidon/empty/register_file.scala",
      "languageId": "scala",
      "version": 1,
      "text": "import chisel3._\r\n\r\nclass RegisterFile extends Module {\r\n  val io \u003d IO(new Bundle {\r\n    val aAddr \u003d Input(UInt(4.W))\r\n    val bAddr \u003d Input(UInt(4.W))\r\n    val rdAddr \u003d Input(UInt(4.W))\r\n    val wrAddr \u003d Input(UInt(4.W))\r\n    val wrData \u003d Input(UInt(16.W))\r\n    val wrEna \u003d Input(Bool())\r\n    val rs1Data \u003d Output(UInt(16.W))\r\n    val rs2Data \u003d Output(UInt(16.W))\r\n  })\r\n\r\n  val regFile \u003d SyncReadMem(16, Vec(2, UInt(16.W)))\r\n\r\n  when(io.wrEna) {\r\n    regFile.write(io.wrAddr, VecInit(Seq(io.wrData, 0.U)))\r\n  }\r\n\r\n  io.rs1Data :\u003d regFile.read(io.aAddr, 0.U)(0)\r\n  io.rs2Data :\u003d regFile.read(io.bAddr, 0.U)(0)\r\n}\r\n/**\r\n  *  The wrEna input controls whether a write occurs, and the wrData input specifies the data to be written. The rs1Addr, rs2Addr, and rdAddr inputs specify the addresses of the source and destination registers, and the rs1Data and rs2Data outputs provide the data from the source registers.\r\n  */"
    }
  }
}
java.lang.RuntimeException: java.lang.reflect.InvocationTargetException
	at org.eclipse.lsp4j.jsonrpc.services.GenericEndpoint.lambda$null$0(GenericEndpoint.java:67)
	at org.eclipse.lsp4j.jsonrpc.services.GenericEndpoint.notify(GenericEndpoint.java:152)
	at org.eclipse.lsp4j.jsonrpc.RemoteEndpoint.handleNotification(RemoteEndpoint.java:220)
	at org.eclipse.lsp4j.jsonrpc.RemoteEndpoint.consume(RemoteEndpoint.java:187)
	at org.eclipse.lsp4j.jsonrpc.json.StreamMessageProducer.handleMessage(StreamMessageProducer.java:194)
	at org.eclipse.lsp4j.jsonrpc.json.StreamMessageProducer.listen(StreamMessageProducer.java:94)
	at org.eclipse.lsp4j.jsonrpc.json.ConcurrentMessageProcessor.run(ConcurrentMessageProcessor.java:113)
	at java.util.concurrent.Executors$RunnableAdapter.call(Executors.java:511)
	at java.util.concurrent.FutureTask.run(FutureTask.java:266)
	at java.util.concurrent.ThreadPoolExecutor.runWorker(ThreadPoolExecutor.java:1149)
	at java.util.concurrent.ThreadPoolExecutor$Worker.run(ThreadPoolExecutor.java:624)
	at java.lang.Thread.run(Thread.java:748)
Caused by: java.lang.reflect.InvocationTargetException
	at sun.reflect.NativeMethodAccessorImpl.invoke0(Native Method)
	at sun.reflect.NativeMethodAccessorImpl.invoke(NativeMethodAccessorImpl.java:62)
	at sun.reflect.DelegatingMethodAccessorImpl.invoke(DelegatingMethodAccessorImpl.java:43)
	at java.lang.reflect.Method.invoke(Method.java:498)
	at org.eclipse.lsp4j.jsonrpc.services.GenericEndpoint.lambda$null$0(GenericEndpoint.java:65)
	... 11 more
Caused by: java.nio.file.NoSuchFileException: c:\Users\faido\Documents\My Documents\ECE\Semester 6\Advanced Computer Architecture\Elidon\empty\register_file.scala
	at sun.nio.fs.WindowsException.translateToIOException(WindowsException.java:79)
	at sun.nio.fs.WindowsException.rethrowAsIOException(WindowsException.java:97)
	at sun.nio.fs.WindowsException.rethrowAsIOException(WindowsException.java:102)
	at sun.nio.fs.WindowsFileSystemProvider.newByteChannel(WindowsFileSystemProvider.java:230)
	at java.nio.file.Files.newByteChannel(Files.java:361)
	at java.nio.file.Files.newByteChannel(Files.java:407)
	at java.nio.file.Files.readAllBytes(Files.java:3152)
	at scala.meta.internal.io.PlatformFileIO$.slurp(PlatformFileIO.scala:45)
	at scala.meta.internal.io.FileIO$.slurp(FileIO.scala:24)
	at scala.meta.internal.metals.MetalsLspService.didOpen(MetalsLspService.scala:1113)
	at scala.meta.metals.lsp.DelegatingScalaService.didOpen(DelegatingScalaService.scala:39)
	... 16 more

May 02, 2023 3:34:49 PM org.eclipse.lsp4j.jsonrpc.RemoteEndpoint handleNotification
WARNING: Notification threw an exception: {
  "jsonrpc": "2.0",
  "method": "textDocument/didOpen",
  "params": {
    "textDocument": {
      "uri": "file:///c%3A/Users/faido/Documents/My%20Documents/ECE/Semester%206/Advanced%20Computer%20Architecture/Elidon/empty/PC.scala",
      "languageId": "scala",
      "version": 1,
      "text": "import chisel3._\r\n\r\nclass PC extends Module {\r\n  val io \u003d IO(new Bundle {\r\n    // Clock input to pc\r\n    val clock \u003d Input(Clock()) \r\n    // 1 \u003e normal operation, 0 \u003e resets PC\r\n    val normalOperation \u003d Input(Bool()) \r\n    val sel_a     \u003d Input(Bool()) //\r\n    val sel_imm   \u003d Input(Bool())\r\n    val branch    \u003d Input(Bool())\r\n    val a         \u003d Input(UInt(16.W))\r\n    val d_imm     \u003d Input(UInt(16.W))\r\n    val e_imm     \u003d Input(UInt(16.W))\r\n    val pc_addr   \u003d Input(UInt(16.W))\r\n    val addr      \u003d Output(UInt(16.W))\r\n    val nextAddress \u003d Output(UInt(16.W))\r\n  })\r\n\r\n  val adressReg   \u003d RegInit(0.U(16.W))\r\n  val mux1  \u003d Wire(UInt(16.W))\r\n  val mux2  \u003d Wire(UInt(16.W))\r\n  val mux3  \u003d Wire(UInt(16.W))\r\n\r\n  io.addr      :\u003d mux3\r\n  io.nextAddress :\u003d addresReg\r\n\r\n  mux1 :\u003d Mux(io.branch \u003d\u003d\u003d false.B, addressReg, io.pc_addr)\r\n  mux2 :\u003d Mux(io.branch \u003d\u003d\u003d false.B, 2.U, io.e_imm + 2.U)\r\n\r\n  when(io.sel_imm \u003d\u003d\u003d false.B \u0026\u0026 io.sel_a \u003d\u003d\u003d false.B) {\r\n    mux3 :\u003d mux1 + mux2\r\n  }.elsewhen(io.sel_imm \u003d\u003d\u003d false.B \u0026\u0026 io.sel_a \u003d\u003d\u003d true.B) {\r\n    mux3 :\u003d 4.U + io.a\r\n  }.elsewhen(io.sel_imm \u003d\u003d\u003d true.B \u0026\u0026 io.sel_a \u003d\u003d\u003d false.B) {\r\n    mux3 :\u003d Cat(io.d_imm(13, 0), 0.U(2.W))\r\n  }.otherwise {\r\n    mux3 :\u003d 0.U\r\n  }\r\n\r\n  when(!io.normalOperation) {\r\n    addressReg :\u003d 0.U\r\n  }.elsewhen (risingEdge(io.clock)) {\r\n    addressReg :\u003d mux3\r\n  }\r\n}\r\n\r\n\r\nclass PC2 extends Module {\r\n  val io \u003d IO(new Bundle {\r\n    // 1 \u003e normal operation, 0 \u003e resets PC\r\n    val normalOperation \u003d Input(Bool())\r\n    val jumpAdress \u003d Input(Uint(16.W))\r\n    val jump \u003d Input(Bool())\r\n    val nextAddress \u003d Output(UInt(16.W))\r\n  })\r\n\r\n  val adressReg   \u003d RegInit(0.U(16.W))\r\n  val mux1  \u003d Wire(UInt(16.W))\r\n  val mux2  \u003d Wire(UInt(16.W))\r\n  val mux3  \u003d Wire(UInt(16.W))\r\n\r\n  io.addr      :\u003d mux3\r\n  io.nextAddress :\u003d addresReg\r\n\r\n  mux1 :\u003d Mux(io.branch \u003d\u003d\u003d false.B, addressReg, io.pc_addr)\r\n  mux2 :\u003d Mux(io.branch \u003d\u003d\u003d false.B, 2.U, io.e_imm + 2.U)\r\n\r\n  when(io.sel_imm \u003d\u003d\u003d false.B \u0026\u0026 io.sel_a \u003d\u003d\u003d false.B) {\r\n    mux3 :\u003d mux1 + mux2\r\n  }.elsewhen(io.sel_imm \u003d\u003d\u003d false.B \u0026\u0026 io.sel_a \u003d\u003d\u003d true.B) {\r\n    mux3 :\u003d 4.U + io.a\r\n  }.elsewhen(io.sel_imm \u003d\u003d\u003d true.B \u0026\u0026 io.sel_a \u003d\u003d\u003d false.B) {\r\n    mux3 :\u003d Cat(io.d_imm(13, 0), 0.U(2.W))\r\n  }.otherwise {\r\n    mux3 :\u003d 0.U\r\n  }\r\n\r\n  when(!io.normalOperation) {\r\n    addressReg :\u003d 0.U\r\n  }.otherwise {\r\n    addressReg :\u003d mux3\r\n  }\r\n}\r\n"
    }
  }
}
java.lang.RuntimeException: java.lang.reflect.InvocationTargetException
	at org.eclipse.lsp4j.jsonrpc.services.GenericEndpoint.lambda$null$0(GenericEndpoint.java:67)
	at org.eclipse.lsp4j.jsonrpc.services.GenericEndpoint.notify(GenericEndpoint.java:152)
	at org.eclipse.lsp4j.jsonrpc.RemoteEndpoint.handleNotification(RemoteEndpoint.java:220)
	at org.eclipse.lsp4j.jsonrpc.RemoteEndpoint.consume(RemoteEndpoint.java:187)
	at org.eclipse.lsp4j.jsonrpc.json.StreamMessageProducer.handleMessage(StreamMessageProducer.java:194)
	at org.eclipse.lsp4j.jsonrpc.json.StreamMessageProducer.listen(StreamMessageProducer.java:94)
	at org.eclipse.lsp4j.jsonrpc.json.ConcurrentMessageProcessor.run(ConcurrentMessageProcessor.java:113)
	at java.util.concurrent.Executors$RunnableAdapter.call(Executors.java:511)
	at java.util.concurrent.FutureTask.run(FutureTask.java:266)
	at java.util.concurrent.ThreadPoolExecutor.runWorker(ThreadPoolExecutor.java:1149)
	at java.util.concurrent.ThreadPoolExecutor$Worker.run(ThreadPoolExecutor.java:624)
	at java.lang.Thread.run(Thread.java:748)
Caused by: java.lang.reflect.InvocationTargetException
	at sun.reflect.NativeMethodAccessorImpl.invoke0(Native Method)
	at sun.reflect.NativeMethodAccessorImpl.invoke(NativeMethodAccessorImpl.java:62)
	at sun.reflect.DelegatingMethodAccessorImpl.invoke(DelegatingMethodAccessorImpl.java:43)
	at java.lang.reflect.Method.invoke(Method.java:498)
	at org.eclipse.lsp4j.jsonrpc.services.GenericEndpoint.lambda$null$0(GenericEndpoint.java:65)
	... 11 more
Caused by: java.nio.file.NoSuchFileException: c:\Users\faido\Documents\My Documents\ECE\Semester 6\Advanced Computer Architecture\Elidon\empty\PC.scala
	at sun.nio.fs.WindowsException.translateToIOException(WindowsException.java:79)
	at sun.nio.fs.WindowsException.rethrowAsIOException(WindowsException.java:97)
	at sun.nio.fs.WindowsException.rethrowAsIOException(WindowsException.java:102)
	at sun.nio.fs.WindowsFileSystemProvider.newByteChannel(WindowsFileSystemProvider.java:230)
	at java.nio.file.Files.newByteChannel(Files.java:361)
	at java.nio.file.Files.newByteChannel(Files.java:407)
	at java.nio.file.Files.readAllBytes(Files.java:3152)
	at scala.meta.internal.io.PlatformFileIO$.slurp(PlatformFileIO.scala:45)
	at scala.meta.internal.io.FileIO$.slurp(FileIO.scala:24)
	at scala.meta.internal.metals.MetalsLspService.didOpen(MetalsLspService.scala:1113)
	at scala.meta.metals.lsp.DelegatingScalaService.didOpen(DelegatingScalaService.scala:39)
	... 16 more

May 02, 2023 3:34:49 PM org.eclipse.lsp4j.jsonrpc.RemoteEndpoint handleNotification
WARNING: Notification threw an exception: {
  "jsonrpc": "2.0",
  "method": "textDocument/didOpen",
  "params": {
    "textDocument": {
      "uri": "file:///c%3A/Users/faido/Documents/My%20Documents/ECE/Semester%206/Advanced%20Computer%20Architecture/Elidon/src/main/scala/Decode/DecodeStage.scala",
      "languageId": "scala",
      "version": 1,
      "text": "import chisel3._\r\nimport chisel3.util._\r\n\r\nclass DecodeStage extends Module {\r\n  // val io \u003d IO(new Bundle {\r\n  // })\r\n}"
    }
  }
}
java.lang.RuntimeException: java.lang.reflect.InvocationTargetException
	at org.eclipse.lsp4j.jsonrpc.services.GenericEndpoint.lambda$null$0(GenericEndpoint.java:67)
	at org.eclipse.lsp4j.jsonrpc.services.GenericEndpoint.notify(GenericEndpoint.java:152)
	at org.eclipse.lsp4j.jsonrpc.RemoteEndpoint.handleNotification(RemoteEndpoint.java:220)
	at org.eclipse.lsp4j.jsonrpc.RemoteEndpoint.consume(RemoteEndpoint.java:187)
	at org.eclipse.lsp4j.jsonrpc.json.StreamMessageProducer.handleMessage(StreamMessageProducer.java:194)
	at org.eclipse.lsp4j.jsonrpc.json.StreamMessageProducer.listen(StreamMessageProducer.java:94)
	at org.eclipse.lsp4j.jsonrpc.json.ConcurrentMessageProcessor.run(ConcurrentMessageProcessor.java:113)
	at java.util.concurrent.Executors$RunnableAdapter.call(Executors.java:511)
	at java.util.concurrent.FutureTask.run(FutureTask.java:266)
	at java.util.concurrent.ThreadPoolExecutor.runWorker(ThreadPoolExecutor.java:1149)
	at java.util.concurrent.ThreadPoolExecutor$Worker.run(ThreadPoolExecutor.java:624)
	at java.lang.Thread.run(Thread.java:748)
Caused by: java.lang.reflect.InvocationTargetException
	at sun.reflect.NativeMethodAccessorImpl.invoke0(Native Method)
	at sun.reflect.NativeMethodAccessorImpl.invoke(NativeMethodAccessorImpl.java:62)
	at sun.reflect.DelegatingMethodAccessorImpl.invoke(DelegatingMethodAccessorImpl.java:43)
	at java.lang.reflect.Method.invoke(Method.java:498)
	at org.eclipse.lsp4j.jsonrpc.services.GenericEndpoint.lambda$null$0(GenericEndpoint.java:65)
	... 11 more
Caused by: java.nio.file.NoSuchFileException: c:\Users\faido\Documents\My Documents\ECE\Semester 6\Advanced Computer Architecture\Elidon\src\main\scala\Decode\DecodeStage.scala
	at sun.nio.fs.WindowsException.translateToIOException(WindowsException.java:79)
	at sun.nio.fs.WindowsException.rethrowAsIOException(WindowsException.java:97)
	at sun.nio.fs.WindowsException.rethrowAsIOException(WindowsException.java:102)
	at sun.nio.fs.WindowsFileSystemProvider.newByteChannel(WindowsFileSystemProvider.java:230)
	at java.nio.file.Files.newByteChannel(Files.java:361)
	at java.nio.file.Files.newByteChannel(Files.java:407)
	at java.nio.file.Files.readAllBytes(Files.java:3152)
	at scala.meta.internal.io.PlatformFileIO$.slurp(PlatformFileIO.scala:45)
	at scala.meta.internal.io.FileIO$.slurp(FileIO.scala:24)
	at scala.meta.internal.metals.MetalsLspService.didOpen(MetalsLspService.scala:1113)
	at scala.meta.metals.lsp.DelegatingScalaService.didOpen(DelegatingScalaService.scala:39)
	... 16 more

May 02, 2023 3:34:49 PM org.eclipse.lsp4j.jsonrpc.RemoteEndpoint handleNotification
WARNING: Notification threw an exception: {
  "jsonrpc": "2.0",
  "method": "textDocument/didOpen",
  "params": {
    "textDocument": {
      "uri": "file:///c%3A/Users/faido/Documents/My%20Documents/ECE/Semester%206/Advanced%20Computer%20Architecture/Elidon/src/main/scala/Execute/ExecuteStage.scala",
      "languageId": "scala",
      "version": 1,
      "text": "import chisel3._\r\nimport chisel3.util._\r\n\r\nclass ExecuteStage extends Module {\r\n  // val io \u003d IO(new Bundle {\r\n  // })\r\n}"
    }
  }
}
java.lang.RuntimeException: java.lang.reflect.InvocationTargetException
	at org.eclipse.lsp4j.jsonrpc.services.GenericEndpoint.lambda$null$0(GenericEndpoint.java:67)
	at org.eclipse.lsp4j.jsonrpc.services.GenericEndpoint.notify(GenericEndpoint.java:152)
	at org.eclipse.lsp4j.jsonrpc.RemoteEndpoint.handleNotification(RemoteEndpoint.java:220)
	at org.eclipse.lsp4j.jsonrpc.RemoteEndpoint.consume(RemoteEndpoint.java:187)
	at org.eclipse.lsp4j.jsonrpc.json.StreamMessageProducer.handleMessage(StreamMessageProducer.java:194)
	at org.eclipse.lsp4j.jsonrpc.json.StreamMessageProducer.listen(StreamMessageProducer.java:94)
	at org.eclipse.lsp4j.jsonrpc.json.ConcurrentMessageProcessor.run(ConcurrentMessageProcessor.java:113)
	at java.util.concurrent.Executors$RunnableAdapter.call(Executors.java:511)
	at java.util.concurrent.FutureTask.run(FutureTask.java:266)
	at java.util.concurrent.ThreadPoolExecutor.runWorker(ThreadPoolExecutor.java:1149)
	at java.util.concurrent.ThreadPoolExecutor$Worker.run(ThreadPoolExecutor.java:624)
	at java.lang.Thread.run(Thread.java:748)
Caused by: java.lang.reflect.InvocationTargetException
	at sun.reflect.NativeMethodAccessorImpl.invoke0(Native Method)
	at sun.reflect.NativeMethodAccessorImpl.invoke(NativeMethodAccessorImpl.java:62)
	at sun.reflect.DelegatingMethodAccessorImpl.invoke(DelegatingMethodAccessorImpl.java:43)
	at java.lang.reflect.Method.invoke(Method.java:498)
	at org.eclipse.lsp4j.jsonrpc.services.GenericEndpoint.lambda$null$0(GenericEndpoint.java:65)
	... 11 more
Caused by: java.nio.file.NoSuchFileException: c:\Users\faido\Documents\My Documents\ECE\Semester 6\Advanced Computer Architecture\Elidon\src\main\scala\Execute\ExecuteStage.scala
	at sun.nio.fs.WindowsException.translateToIOException(WindowsException.java:79)
	at sun.nio.fs.WindowsException.rethrowAsIOException(WindowsException.java:97)
	at sun.nio.fs.WindowsException.rethrowAsIOException(WindowsException.java:102)
	at sun.nio.fs.WindowsFileSystemProvider.newByteChannel(WindowsFileSystemProvider.java:230)
	at java.nio.file.Files.newByteChannel(Files.java:361)
	at java.nio.file.Files.newByteChannel(Files.java:407)
	at java.nio.file.Files.readAllBytes(Files.java:3152)
	at scala.meta.internal.io.PlatformFileIO$.slurp(PlatformFileIO.scala:45)
	at scala.meta.internal.io.FileIO$.slurp(FileIO.scala:24)
	at scala.meta.internal.metals.MetalsLspService.didOpen(MetalsLspService.scala:1113)
	at scala.meta.metals.lsp.DelegatingScalaService.didOpen(DelegatingScalaService.scala:39)
	... 16 more

May 02, 2023 3:34:49 PM org.eclipse.lsp4j.jsonrpc.RemoteEndpoint handleNotification
WARNING: Notification threw an exception: {
  "jsonrpc": "2.0",
  "method": "textDocument/didOpen",
  "params": {
    "textDocument": {
      "uri": "file:///c%3A/Users/faido/Documents/My%20Documents/ECE/Semester%206/Advanced%20Computer%20Architecture/Elidon/src/main/scala/Memory/MemoryStage.scala",
      "languageId": "scala",
      "version": 1,
      "text": "import chisel3._\r\nimport chisel3.util._\r\n\r\nclass MemoryStage extends Module {\r\n  // val io \u003d IO(new Bundle {\r\n  // })\r\n}"
    }
  }
}
java.lang.RuntimeException: java.lang.reflect.InvocationTargetException
	at org.eclipse.lsp4j.jsonrpc.services.GenericEndpoint.lambda$null$0(GenericEndpoint.java:67)
	at org.eclipse.lsp4j.jsonrpc.services.GenericEndpoint.notify(GenericEndpoint.java:152)
	at org.eclipse.lsp4j.jsonrpc.RemoteEndpoint.handleNotification(RemoteEndpoint.java:220)
	at org.eclipse.lsp4j.jsonrpc.RemoteEndpoint.consume(RemoteEndpoint.java:187)
	at org.eclipse.lsp4j.jsonrpc.json.StreamMessageProducer.handleMessage(StreamMessageProducer.java:194)
	at org.eclipse.lsp4j.jsonrpc.json.StreamMessageProducer.listen(StreamMessageProducer.java:94)
	at org.eclipse.lsp4j.jsonrpc.json.ConcurrentMessageProcessor.run(ConcurrentMessageProcessor.java:113)
	at java.util.concurrent.Executors$RunnableAdapter.call(Executors.java:511)
	at java.util.concurrent.FutureTask.run(FutureTask.java:266)
	at java.util.concurrent.ThreadPoolExecutor.runWorker(ThreadPoolExecutor.java:1149)
	at java.util.concurrent.ThreadPoolExecutor$Worker.run(ThreadPoolExecutor.java:624)
	at java.lang.Thread.run(Thread.java:748)
Caused by: java.lang.reflect.InvocationTargetException
	at sun.reflect.NativeMethodAccessorImpl.invoke0(Native Method)
	at sun.reflect.NativeMethodAccessorImpl.invoke(NativeMethodAccessorImpl.java:62)
	at sun.reflect.DelegatingMethodAccessorImpl.invoke(DelegatingMethodAccessorImpl.java:43)
	at java.lang.reflect.Method.invoke(Method.java:498)
	at org.eclipse.lsp4j.jsonrpc.services.GenericEndpoint.lambda$null$0(GenericEndpoint.java:65)
	... 11 more
Caused by: java.nio.file.NoSuchFileException: c:\Users\faido\Documents\My Documents\ECE\Semester 6\Advanced Computer Architecture\Elidon\src\main\scala\Memory\MemoryStage.scala
	at sun.nio.fs.WindowsException.translateToIOException(WindowsException.java:79)
	at sun.nio.fs.WindowsException.rethrowAsIOException(WindowsException.java:97)
	at sun.nio.fs.WindowsException.rethrowAsIOException(WindowsException.java:102)
	at sun.nio.fs.WindowsFileSystemProvider.newByteChannel(WindowsFileSystemProvider.java:230)
	at java.nio.file.Files.newByteChannel(Files.java:361)
	at java.nio.file.Files.newByteChannel(Files.java:407)
	at java.nio.file.Files.readAllBytes(Files.java:3152)
	at scala.meta.internal.io.PlatformFileIO$.slurp(PlatformFileIO.scala:45)
	at scala.meta.internal.io.FileIO$.slurp(FileIO.scala:24)
	at scala.meta.internal.metals.MetalsLspService.didOpen(MetalsLspService.scala:1113)
	at scala.meta.metals.lsp.DelegatingScalaService.didOpen(DelegatingScalaService.scala:39)
	... 16 more

May 02, 2023 3:34:49 PM org.eclipse.lsp4j.jsonrpc.RemoteEndpoint handleNotification
WARNING: Notification threw an exception: {
  "jsonrpc": "2.0",
  "method": "textDocument/didOpen",
  "params": {
    "textDocument": {
      "uri": "file:///c%3A/Users/faido/Documents/My%20Documents/ECE/Semester%206/Advanced%20Computer%20Architecture/Elidon/src/main/scala/Memory/DataMemory.scala",
      "languageId": "scala",
      "version": 1,
      "text": "import chisel3._\r\nimport chisel3.util._\r\n\r\nclass DataMemory extends Module {\r\n  val io \u003d IO(new Bundle {\r\n    val readAdress \u003d Input(UInt(16.W))\r\n    val writeAdress \u003d Input(UInt(16.W))\r\n    val writeEnable \u003d Input(Bool)\r\n    val writeValue \u003d Input(UInt(16.W))\r\n    val readValue \u003d Output(UInt(16.W))\r\n  })\r\n\r\n  val evenMem \u003d ReadSyncMem(2^15, UInt(8.W))\r\n  val oddMem \u003d ReadSyncMem(2^15, UInt(8.W))\r\n\r\n  class ReadBundle extends Bundle {\r\n    val msB \u003d UInt(8.W)\r\n    val lsB \u003d UInt(8.W)\r\n  }\r\n\r\n  val readBundle \u003d Wire(new ReadBundle)\r\n  val readAdressOdd \u003d WireDefault(io.readAdress(15,1))\r\n  val readAdressEven \u003d Wire(UInt(15.W))\r\n\r\n  when(io.readAdress(0))) {\r\n    readAdressEven :\u003d readAdressOdd + 1.U\r\n    readBundle.msB :\u003d evenMem.read(readAdressOdd)\r\n    readBundle.lsB :\u003d oddMem.read(readAdressEven)\r\n  } .otherwise {\r\n    readAdressEven :\u003d readAdressOdd\r\n    readBundle.msB :\u003d evenMem.read(readAdressEven)\r\n    readBundle.lsB :\u003d oddMem.read(readAdressOdd)\r\n  }\r\n\r\n  class WriteBundle extends Bundle {\r\n    val even \u003d UInt(8.W)\r\n    val odd \u003d UInt(8.W)\r\n  }\r\n\r\n  val writeBundle \u003d Wire(new WriteBundle)\r\n  val writeAdressOdd \u003d WireDefault(io.writeAdress(15,1))\r\n  val writeAdressEven \u003d Wire(UInt(15.W))\r\n\r\n  when(io.writeAdress \u0026 1.U) {\r\n    writeAdressEven :\u003d writeAdressOdd + 1.U\r\n    writeBundle.even :\u003d io.writeValue(7, 0)\r\n    writeBundle.odd :\u003d io.writeValue(15, 8)\r\n  } .otherwise {\r\n    writeAdressEven :\u003d writeAdressOdd\r\n    writeBundle.even :\u003d io.writeValue(15, 8)\r\n    writeBundle.odd :\u003d io.writeValue(7, 0)\r\n  }\r\n\r\n  when(io.writeEnable) {\r\n    evenMem.write(writeBundle.even)\r\n    oddMem.write(writeBudnel.odd)\r\n  }\r\n\r\n  when(io.readAdress \u003d\u003d\u003d io.writeAdress) {\r\n    io.readValue :\u003d io.writeValue\r\n  } .otherwise {\r\n    io.readValue :\u003d readBundle.asUInt\r\n  }\r\n}"
    }
  }
}
java.lang.RuntimeException: java.lang.reflect.InvocationTargetException
	at org.eclipse.lsp4j.jsonrpc.services.GenericEndpoint.lambda$null$0(GenericEndpoint.java:67)
	at org.eclipse.lsp4j.jsonrpc.services.GenericEndpoint.notify(GenericEndpoint.java:152)
	at org.eclipse.lsp4j.jsonrpc.RemoteEndpoint.handleNotification(RemoteEndpoint.java:220)
	at org.eclipse.lsp4j.jsonrpc.RemoteEndpoint.consume(RemoteEndpoint.java:187)
	at org.eclipse.lsp4j.jsonrpc.json.StreamMessageProducer.handleMessage(StreamMessageProducer.java:194)
	at org.eclipse.lsp4j.jsonrpc.json.StreamMessageProducer.listen(StreamMessageProducer.java:94)
	at org.eclipse.lsp4j.jsonrpc.json.ConcurrentMessageProcessor.run(ConcurrentMessageProcessor.java:113)
	at java.util.concurrent.Executors$RunnableAdapter.call(Executors.java:511)
	at java.util.concurrent.FutureTask.run(FutureTask.java:266)
	at java.util.concurrent.ThreadPoolExecutor.runWorker(ThreadPoolExecutor.java:1149)
	at java.util.concurrent.ThreadPoolExecutor$Worker.run(ThreadPoolExecutor.java:624)
	at java.lang.Thread.run(Thread.java:748)
Caused by: java.lang.reflect.InvocationTargetException
	at sun.reflect.NativeMethodAccessorImpl.invoke0(Native Method)
	at sun.reflect.NativeMethodAccessorImpl.invoke(NativeMethodAccessorImpl.java:62)
	at sun.reflect.DelegatingMethodAccessorImpl.invoke(DelegatingMethodAccessorImpl.java:43)
	at java.lang.reflect.Method.invoke(Method.java:498)
	at org.eclipse.lsp4j.jsonrpc.services.GenericEndpoint.lambda$null$0(GenericEndpoint.java:65)
	... 11 more
Caused by: java.nio.file.NoSuchFileException: c:\Users\faido\Documents\My Documents\ECE\Semester 6\Advanced Computer Architecture\Elidon\src\main\scala\Memory\DataMemory.scala
	at sun.nio.fs.WindowsException.translateToIOException(WindowsException.java:79)
	at sun.nio.fs.WindowsException.rethrowAsIOException(WindowsException.java:97)
	at sun.nio.fs.WindowsException.rethrowAsIOException(WindowsException.java:102)
	at sun.nio.fs.WindowsFileSystemProvider.newByteChannel(WindowsFileSystemProvider.java:230)
	at java.nio.file.Files.newByteChannel(Files.java:361)
	at java.nio.file.Files.newByteChannel(Files.java:407)
	at java.nio.file.Files.readAllBytes(Files.java:3152)
	at scala.meta.internal.io.PlatformFileIO$.slurp(PlatformFileIO.scala:45)
	at scala.meta.internal.io.FileIO$.slurp(FileIO.scala:24)
	at scala.meta.internal.metals.MetalsLspService.didOpen(MetalsLspService.scala:1113)
	at scala.meta.metals.lsp.DelegatingScalaService.didOpen(DelegatingScalaService.scala:39)
	... 16 more

May 02, 2023 3:34:49 PM org.eclipse.lsp4j.jsonrpc.RemoteEndpoint handleNotification
WARNING: Notification threw an exception: {
  "jsonrpc": "2.0",
  "method": "textDocument/didOpen",
  "params": {
    "textDocument": {
      "uri": "file:///c%3A/Users/faido/Documents/My%20Documents/ECE/Semester%206/Advanced%20Computer%20Architecture/Elidon/src/main/scala/WriteBackStage/WriteBackStage.scala",
      "languageId": "scala",
      "version": 1,
      "text": "import chisel3._\r\nimport chisel3.util._\r\n\r\nclass WriteBackStage extends Module {\r\n  // val io \u003d IO(new Bundle {\r\n  // })\r\n}"
    }
  }
}
java.lang.RuntimeException: java.lang.reflect.InvocationTargetException
	at org.eclipse.lsp4j.jsonrpc.services.GenericEndpoint.lambda$null$0(GenericEndpoint.java:67)
	at org.eclipse.lsp4j.jsonrpc.services.GenericEndpoint.notify(GenericEndpoint.java:152)
	at org.eclipse.lsp4j.jsonrpc.RemoteEndpoint.handleNotification(RemoteEndpoint.java:220)
	at org.eclipse.lsp4j.jsonrpc.RemoteEndpoint.consume(RemoteEndpoint.java:187)
	at org.eclipse.lsp4j.jsonrpc.json.StreamMessageProducer.handleMessage(StreamMessageProducer.java:194)
	at org.eclipse.lsp4j.jsonrpc.json.StreamMessageProducer.listen(StreamMessageProducer.java:94)
	at org.eclipse.lsp4j.jsonrpc.json.ConcurrentMessageProcessor.run(ConcurrentMessageProcessor.java:113)
	at java.util.concurrent.Executors$RunnableAdapter.call(Executors.java:511)
	at java.util.concurrent.FutureTask.run(FutureTask.java:266)
	at java.util.concurrent.ThreadPoolExecutor.runWorker(ThreadPoolExecutor.java:1149)
	at java.util.concurrent.ThreadPoolExecutor$Worker.run(ThreadPoolExecutor.java:624)
	at java.lang.Thread.run(Thread.java:748)
Caused by: java.lang.reflect.InvocationTargetException
	at sun.reflect.NativeMethodAccessorImpl.invoke0(Native Method)
	at sun.reflect.NativeMethodAccessorImpl.invoke(NativeMethodAccessorImpl.java:62)
	at sun.reflect.DelegatingMethodAccessorImpl.invoke(DelegatingMethodAccessorImpl.java:43)
	at java.lang.reflect.Method.invoke(Method.java:498)
	at org.eclipse.lsp4j.jsonrpc.services.GenericEndpoint.lambda$null$0(GenericEndpoint.java:65)
	... 11 more
Caused by: java.nio.file.NoSuchFileException: c:\Users\faido\Documents\My Documents\ECE\Semester 6\Advanced Computer Architecture\Elidon\src\main\scala\WriteBackStage\WriteBackStage.scala
	at sun.nio.fs.WindowsException.translateToIOException(WindowsException.java:79)
	at sun.nio.fs.WindowsException.rethrowAsIOException(WindowsException.java:97)
	at sun.nio.fs.WindowsException.rethrowAsIOException(WindowsException.java:102)
	at sun.nio.fs.WindowsFileSystemProvider.newByteChannel(WindowsFileSystemProvider.java:230)
	at java.nio.file.Files.newByteChannel(Files.java:361)
	at java.nio.file.Files.newByteChannel(Files.java:407)
	at java.nio.file.Files.readAllBytes(Files.java:3152)
	at scala.meta.internal.io.PlatformFileIO$.slurp(PlatformFileIO.scala:45)
	at scala.meta.internal.io.FileIO$.slurp(FileIO.scala:24)
	at scala.meta.internal.metals.MetalsLspService.didOpen(MetalsLspService.scala:1113)
	at scala.meta.metals.lsp.DelegatingScalaService.didOpen(DelegatingScalaService.scala:39)
	... 16 more

May 02, 2023 3:34:49 PM org.eclipse.lsp4j.jsonrpc.RemoteEndpoint handleNotification
WARNING: Notification threw an exception: {
  "jsonrpc": "2.0",
  "method": "textDocument/didOpen",
  "params": {
    "textDocument": {
      "uri": "file:///c%3A/Users/faido/Documents/My%20Documents/ECE/Semester%206/Advanced%20Computer%20Architecture/Elidon/src/main/scala/FetchStage/FetchStage.scala",
      "languageId": "scala",
      "version": 1,
      "text": "import chisel3._\r\nimport chisel3.util._\r\n\r\nclass FetchStage extends Module {\r\n  // val io \u003d IO(new Bundle {\r\n  // })\r\n  val instructionMem \u003d Module(new Memory)\r\n}"
    }
  }
}
java.lang.RuntimeException: java.lang.reflect.InvocationTargetException
	at org.eclipse.lsp4j.jsonrpc.services.GenericEndpoint.lambda$null$0(GenericEndpoint.java:67)
	at org.eclipse.lsp4j.jsonrpc.services.GenericEndpoint.notify(GenericEndpoint.java:152)
	at org.eclipse.lsp4j.jsonrpc.RemoteEndpoint.handleNotification(RemoteEndpoint.java:220)
	at org.eclipse.lsp4j.jsonrpc.RemoteEndpoint.consume(RemoteEndpoint.java:187)
	at org.eclipse.lsp4j.jsonrpc.json.StreamMessageProducer.handleMessage(StreamMessageProducer.java:194)
	at org.eclipse.lsp4j.jsonrpc.json.StreamMessageProducer.listen(StreamMessageProducer.java:94)
	at org.eclipse.lsp4j.jsonrpc.json.ConcurrentMessageProcessor.run(ConcurrentMessageProcessor.java:113)
	at java.util.concurrent.Executors$RunnableAdapter.call(Executors.java:511)
	at java.util.concurrent.FutureTask.run(FutureTask.java:266)
	at java.util.concurrent.ThreadPoolExecutor.runWorker(ThreadPoolExecutor.java:1149)
	at java.util.concurrent.ThreadPoolExecutor$Worker.run(ThreadPoolExecutor.java:624)
	at java.lang.Thread.run(Thread.java:748)
Caused by: java.lang.reflect.InvocationTargetException
	at sun.reflect.NativeMethodAccessorImpl.invoke0(Native Method)
	at sun.reflect.NativeMethodAccessorImpl.invoke(NativeMethodAccessorImpl.java:62)
	at sun.reflect.DelegatingMethodAccessorImpl.invoke(DelegatingMethodAccessorImpl.java:43)
	at java.lang.reflect.Method.invoke(Method.java:498)
	at org.eclipse.lsp4j.jsonrpc.services.GenericEndpoint.lambda$null$0(GenericEndpoint.java:65)
	... 11 more
Caused by: java.nio.file.NoSuchFileException: c:\Users\faido\Documents\My Documents\ECE\Semester 6\Advanced Computer Architecture\Elidon\src\main\scala\FetchStage\FetchStage.scala
	at sun.nio.fs.WindowsException.translateToIOException(WindowsException.java:79)
	at sun.nio.fs.WindowsException.rethrowAsIOException(WindowsException.java:97)
	at sun.nio.fs.WindowsException.rethrowAsIOException(WindowsException.java:102)
	at sun.nio.fs.WindowsFileSystemProvider.newByteChannel(WindowsFileSystemProvider.java:230)
	at java.nio.file.Files.newByteChannel(Files.java:361)
	at java.nio.file.Files.newByteChannel(Files.java:407)
	at java.nio.file.Files.readAllBytes(Files.java:3152)
	at scala.meta.internal.io.PlatformFileIO$.slurp(PlatformFileIO.scala:45)
	at scala.meta.internal.io.FileIO$.slurp(FileIO.scala:24)
	at scala.meta.internal.metals.MetalsLspService.didOpen(MetalsLspService.scala:1113)
	at scala.meta.metals.lsp.DelegatingScalaService.didOpen(DelegatingScalaService.scala:39)
	... 16 more

May 02, 2023 3:34:49 PM org.eclipse.lsp4j.jsonrpc.RemoteEndpoint handleNotification
WARNING: Notification threw an exception: {
  "jsonrpc": "2.0",
  "method": "textDocument/didOpen",
  "params": {
    "textDocument": {
      "uri": "file:///c%3A/Users/faido/Documents/My%20Documents/ECE/Semester%206/Advanced%20Computer%20Architecture/Elidon/src/main/scala/ExecuteStage/ExecuteStage.scala",
      "languageId": "scala",
      "version": 1,
      "text": "import chisel3._\r\nimport chisel3.util._\r\n\r\nclass ExecuteStage extends Module {\r\n  // val io \u003d IO(new Bundle {\r\n  // })\r\n}"
    }
  }
}
java.lang.RuntimeException: java.lang.reflect.InvocationTargetException
	at org.eclipse.lsp4j.jsonrpc.services.GenericEndpoint.lambda$null$0(GenericEndpoint.java:67)
	at org.eclipse.lsp4j.jsonrpc.services.GenericEndpoint.notify(GenericEndpoint.java:152)
	at org.eclipse.lsp4j.jsonrpc.RemoteEndpoint.handleNotification(RemoteEndpoint.java:220)
	at org.eclipse.lsp4j.jsonrpc.RemoteEndpoint.consume(RemoteEndpoint.java:187)
	at org.eclipse.lsp4j.jsonrpc.json.StreamMessageProducer.handleMessage(StreamMessageProducer.java:194)
	at org.eclipse.lsp4j.jsonrpc.json.StreamMessageProducer.listen(StreamMessageProducer.java:94)
	at org.eclipse.lsp4j.jsonrpc.json.ConcurrentMessageProcessor.run(ConcurrentMessageProcessor.java:113)
	at java.util.concurrent.Executors$RunnableAdapter.call(Executors.java:511)
	at java.util.concurrent.FutureTask.run(FutureTask.java:266)
	at java.util.concurrent.ThreadPoolExecutor.runWorker(ThreadPoolExecutor.java:1149)
	at java.util.concurrent.ThreadPoolExecutor$Worker.run(ThreadPoolExecutor.java:624)
	at java.lang.Thread.run(Thread.java:748)
Caused by: java.lang.reflect.InvocationTargetException
	at sun.reflect.NativeMethodAccessorImpl.invoke0(Native Method)
	at sun.reflect.NativeMethodAccessorImpl.invoke(NativeMethodAccessorImpl.java:62)
	at sun.reflect.DelegatingMethodAccessorImpl.invoke(DelegatingMethodAccessorImpl.java:43)
	at java.lang.reflect.Method.invoke(Method.java:498)
	at org.eclipse.lsp4j.jsonrpc.services.GenericEndpoint.lambda$null$0(GenericEndpoint.java:65)
	... 11 more
Caused by: java.nio.file.NoSuchFileException: c:\Users\faido\Documents\My Documents\ECE\Semester 6\Advanced Computer Architecture\Elidon\src\main\scala\ExecuteStage\ExecuteStage.scala
	at sun.nio.fs.WindowsException.translateToIOException(WindowsException.java:79)
	at sun.nio.fs.WindowsException.rethrowAsIOException(WindowsException.java:97)
	at sun.nio.fs.WindowsException.rethrowAsIOException(WindowsException.java:102)
	at sun.nio.fs.WindowsFileSystemProvider.newByteChannel(WindowsFileSystemProvider.java:230)
	at java.nio.file.Files.newByteChannel(Files.java:361)
	at java.nio.file.Files.newByteChannel(Files.java:407)
	at java.nio.file.Files.readAllBytes(Files.java:3152)
	at scala.meta.internal.io.PlatformFileIO$.slurp(PlatformFileIO.scala:45)
	at scala.meta.internal.io.FileIO$.slurp(FileIO.scala:24)
	at scala.meta.internal.metals.MetalsLspService.didOpen(MetalsLspService.scala:1113)
	at scala.meta.metals.lsp.DelegatingScalaService.didOpen(DelegatingScalaService.scala:39)
	... 16 more

May 02, 2023 3:34:49 PM org.eclipse.lsp4j.jsonrpc.RemoteEndpoint handleNotification
WARNING: Notification threw an exception: {
  "jsonrpc": "2.0",
  "method": "textDocument/didOpen",
  "params": {
    "textDocument": {
      "uri": "file:///c%3A/Users/faido/Documents/My%20Documents/ECE/Semester%206/Advanced%20Computer%20Architecture/Elidon/src/main/scala/DecodeStage/DecodeStage.scala",
      "languageId": "scala",
      "version": 1,
      "text": "import chisel3._\r\nimport chisel3.util._\r\n\r\nclass DecodeStage extends Module {\r\n  // val io \u003d IO(new Bundle {\r\n  // })\r\n}"
    }
  }
}
java.lang.RuntimeException: java.lang.reflect.InvocationTargetException
	at org.eclipse.lsp4j.jsonrpc.services.GenericEndpoint.lambda$null$0(GenericEndpoint.java:67)
	at org.eclipse.lsp4j.jsonrpc.services.GenericEndpoint.notify(GenericEndpoint.java:152)
	at org.eclipse.lsp4j.jsonrpc.RemoteEndpoint.handleNotification(RemoteEndpoint.java:220)
	at org.eclipse.lsp4j.jsonrpc.RemoteEndpoint.consume(RemoteEndpoint.java:187)
	at org.eclipse.lsp4j.jsonrpc.json.StreamMessageProducer.handleMessage(StreamMessageProducer.java:194)
	at org.eclipse.lsp4j.jsonrpc.json.StreamMessageProducer.listen(StreamMessageProducer.java:94)
	at org.eclipse.lsp4j.jsonrpc.json.ConcurrentMessageProcessor.run(ConcurrentMessageProcessor.java:113)
	at java.util.concurrent.Executors$RunnableAdapter.call(Executors.java:511)
	at java.util.concurrent.FutureTask.run(FutureTask.java:266)
	at java.util.concurrent.ThreadPoolExecutor.runWorker(ThreadPoolExecutor.java:1149)
	at java.util.concurrent.ThreadPoolExecutor$Worker.run(ThreadPoolExecutor.java:624)
	at java.lang.Thread.run(Thread.java:748)
Caused by: java.lang.reflect.InvocationTargetException
	at sun.reflect.NativeMethodAccessorImpl.invoke0(Native Method)
	at sun.reflect.NativeMethodAccessorImpl.invoke(NativeMethodAccessorImpl.java:62)
	at sun.reflect.DelegatingMethodAccessorImpl.invoke(DelegatingMethodAccessorImpl.java:43)
	at java.lang.reflect.Method.invoke(Method.java:498)
	at org.eclipse.lsp4j.jsonrpc.services.GenericEndpoint.lambda$null$0(GenericEndpoint.java:65)
	... 11 more
Caused by: java.nio.file.NoSuchFileException: c:\Users\faido\Documents\My Documents\ECE\Semester 6\Advanced Computer Architecture\Elidon\src\main\scala\DecodeStage\DecodeStage.scala
	at sun.nio.fs.WindowsException.translateToIOException(WindowsException.java:79)
	at sun.nio.fs.WindowsException.rethrowAsIOException(WindowsException.java:97)
	at sun.nio.fs.WindowsException.rethrowAsIOException(WindowsException.java:102)
	at sun.nio.fs.WindowsFileSystemProvider.newByteChannel(WindowsFileSystemProvider.java:230)
	at java.nio.file.Files.newByteChannel(Files.java:361)
	at java.nio.file.Files.newByteChannel(Files.java:407)
	at java.nio.file.Files.readAllBytes(Files.java:3152)
	at scala.meta.internal.io.PlatformFileIO$.slurp(PlatformFileIO.scala:45)
	at scala.meta.internal.io.FileIO$.slurp(FileIO.scala:24)
	at scala.meta.internal.metals.MetalsLspService.didOpen(MetalsLspService.scala:1113)
	at scala.meta.metals.lsp.DelegatingScalaService.didOpen(DelegatingScalaService.scala:39)
	... 16 more

2023.05.02 15:34:51 WARN  Build server is not auto-connectable.
2023.05.02 15:34:51 WARN  no build target for: C:\Users\faido\Documents\My Documents\ECE\Semester 6\Advanced Computer Architecture\Elidon\src\main\scala\Fetch Stage\FetchStage.scala
2023.05.02 15:34:51 WARN  no build target for: C:\Users\faido\Documents\My Documents\ECE\Semester 6\Advanced Computer Architecture\Elidon\src\main\scala\Write Back Stage\WriteBackStage.scala
2023.05.02 15:34:51 WARN  no build target for: C:\Users\faido\Documents\My Documents\ECE\Semester 6\Advanced Computer Architecture\Elidon\src\main\scala\Memory and IO\DataMemory.scala
2023.05.02 15:34:51 WARN  no build target for: C:\Users\faido\Documents\My Documents\ECE\Semester 6\Advanced Computer Architecture\Elidon\src\main\scala\Main.scala
2023.05.02 15:34:51 WARN  no build target for: C:\Users\faido\Documents\My Documents\ECE\Semester 6\Advanced Computer Architecture\Elidon\src\main\scala\Fetch Stage\Assembler.scala
2023.05.02 15:34:51 WARN  no build target for: C:\Users\faido\Documents\My Documents\ECE\Semester 6\Advanced Computer Architecture\Elidon\src\main\scala\Decode Stage\DecodeStage.scala
2023.05.02 15:34:51 WARN  no build target for: C:\Users\faido\Documents\My Documents\ECE\Semester 6\Advanced Computer Architecture\Elidon\src\main\scala\Memory Stage\MemoryStage.scala
2023.05.02 15:34:51 WARN  no build target for: C:\Users\faido\Documents\My Documents\ECE\Semester 6\Advanced Computer Architecture\Elidon\src\main\scala\Memory and IO\DisplayMultiplexer.scala
2023.05.02 15:34:51 WARN  no build target for: C:\Users\faido\Documents\My Documents\ECE\Semester 6\Advanced Computer Architecture\Elidon\src\main\scala\Fetch Stage\InstructionMemory.scala
2023.05.02 15:35:02 INFO  no build target found for C:\Users\faido\Documents\My Documents\ECE\Semester 6\Advanced Computer Architecture\Elidon\src\main\scala\Main.scala. Using presentation compiler with project's scala-library version: 3.2.2
2023.05.02 15:35:08 INFO  time: code lens generation in 14s
2023.05.02 15:35:08 INFO  time: code lens generation in 8.48s
2023.05.02 15:35:24 INFO  Shutting down server
2023.05.02 15:35:24 INFO  shutting down Metals
2023.05.02 15:35:24 INFO  Exiting server
2023.05.02 15:36:10 INFO  Started: Metals version 0.11.12 in workspace 'C:\Users\faido\Documents\My Documents\ECE\Semester 6\Advanced Computer Architecture\Elidon' for client Visual Studio Code 1.77.3.
May 02, 2023 3:36:10 PM org.flywaydb.core.internal.license.VersionPrinter printVersionOnly
INFO: Flyway Community Edition 9.16.3 by Redgate
May 02, 2023 3:36:10 PM org.flywaydb.core.internal.license.VersionPrinter printVersion
INFO: See release notes here: https://rd.gt/416ObMi
May 02, 2023 3:36:10 PM org.flywaydb.core.internal.license.VersionPrinter printVersion
INFO: 
May 02, 2023 3:36:11 PM org.flywaydb.core.internal.database.base.BaseDatabaseType createDatabase
INFO: Database: jdbc:h2:file:C:\Users\faido\Documents\My Documents\ECE\Semester 6\Advanced Computer Architecture\Elidon\.metals\metals (H2 2.1)
May 02, 2023 3:36:11 PM org.flywaydb.core.internal.command.DbValidate validate
INFO: Successfully validated 4 migrations (execution time 00:00.041s)
May 02, 2023 3:36:11 PM org.flywaydb.core.internal.command.DbMigrate migrateGroup
INFO: Current version of schema "PUBLIC": 4
May 02, 2023 3:36:11 PM org.flywaydb.core.internal.command.DbMigrate logSummary
INFO: Schema "PUBLIC" is up to date. No migration necessary.
2023.05.02 15:36:11 INFO  time: initialize in 1.09s
2023.05.02 15:36:12 WARN  Build server is not auto-connectable.
2023.05.02 15:36:12 WARN  no build target for: C:\Users\faido\Documents\My Documents\ECE\Semester 6\Advanced Computer Architecture\Elidon\src\main\scala\Fetch Stage\InstructionMemory.scala
2023.05.02 15:36:12 WARN  no build target for: C:\Users\faido\Documents\My Documents\ECE\Semester 6\Advanced Computer Architecture\Elidon\src\main\scala\Memory Stage\MemoryStage.scala
2023.05.02 15:36:15 INFO  no build target found for C:\Users\faido\Documents\My Documents\ECE\Semester 6\Advanced Computer Architecture\Elidon\src\main\scala\Fetch Stage\InstructionMemory.scala. Using presentation compiler with project's scala-library version: 3.2.2
2023.05.02 15:36:20 INFO  time: code lens generation in 7.57s
2023.05.02 15:36:21 INFO  running 'C:\Program Files\Java\jdk1.8.0_301\bin\java -Djline.terminal=jline.UnsupportedTerminal -Dsbt.log.noformat=true -Dfile.encoding=UTF-8 -jar C:\Users\faido\AppData\Local\Temp\metals4160929867754080506\sbt-launch.jar -Dbloop.export-jar-classifiers=sources bloopInstall'
2023.05.02 15:36:24 INFO  [info] welcome to sbt 1.8.2 (Oracle Corporation Java 1.8.0_301)
2023.05.02 15:36:29 INFO  [info] loading settings for project elidon-build-build from metals.sbt ...
2023.05.02 15:36:30 INFO  [info] loading project definition from C:\Users\faido\Documents\My Documents\ECE\Semester 6\Advanced Computer Architecture\Elidon\project\project
2023.05.02 15:36:37 INFO  [info] loading settings for project elidon-build from metals.sbt ...
2023.05.02 15:36:37 INFO  [info] loading project definition from C:\Users\faido\Documents\My Documents\ECE\Semester 6\Advanced Computer Architecture\Elidon\project
2023.05.02 15:36:38 INFO  user cancelled sbt bloopInstall
2023.05.02 15:36:38 INFO  time: ran 'sbt bloopInstall' in 16s
2023.05.02 15:37:14 WARN  no build target for: C:\Users\faido\Documents\My Documents\ECE\Semester 6\Advanced Computer Architecture\Elidon\src\main\scala\Fetch Stage\Assembler.scala
2023.05.02 15:37:16 INFO  time: code lens generation in 1.13s
May 02, 2023 3:38:15 PM org.eclipse.lsp4j.jsonrpc.RemoteEndpoint handleCancellation
WARNING: Unmatched cancel notification for request id 42
2023.05.02 15:57:53 WARN  no build target for: C:\Users\faido\Documents\My Documents\ECE\Semester 6\Advanced Computer Architecture\Elidon\src\main\scala\Fetch Stage\FetchStage.scala
2023.05.02 15:58:25 WARN  no build target for: C:\Users\faido\Documents\My Documents\ECE\Semester 6\Advanced Computer Architecture\Elidon\src\main\scala\Fetch Stage\InstructionMemory.scala
2023.05.02 16:01:30 WARN  no build target for: C:\Users\faido\Documents\My Documents\ECE\Semester 6\Advanced Computer Architecture\Elidon\src\main\scala\Fetch Stage\InstructionMemory.scala
May 02, 2023 4:01:40 PM org.eclipse.lsp4j.jsonrpc.RemoteEndpoint handleCancellation
WARNING: Unmatched cancel notification for request id 241
May 02, 2023 4:01:40 PM org.eclipse.lsp4j.jsonrpc.RemoteEndpoint handleCancellation
WARNING: Unmatched cancel notification for request id 242
2023.05.02 16:04:19 WARN  no build target for: C:\Users\faido\Documents\My Documents\ECE\Semester 6\Advanced Computer Architecture\Elidon\src\main\scala\Fetch Stage\InstructionMemory.scala
2023.05.02 16:06:15 WARN  no build target for: C:\Users\faido\Documents\My Documents\ECE\Semester 6\Advanced Computer Architecture\Elidon\src\main\scala\Fetch Stage\InstructionMemory.scala
Exception in thread "pool-3-thread-1" java.lang.Error: java.lang.InterruptedException
	at java.util.concurrent.ThreadPoolExecutor.runWorker(ThreadPoolExecutor.java:1155)
	at java.util.concurrent.ThreadPoolExecutor$Worker.run(ThreadPoolExecutor.java:624)
	at java.lang.Thread.run(Thread.java:748)
Caused by: java.lang.InterruptedException
	at scala.meta.internal.metals.FutureCancelToken.checkCanceled(FutureCancelToken.scala:29)
	at scala.meta.internal.pc.CompilerAccess.onCompilerJobQueue$$anonfun$1(CompilerAccess.scala:195)
	at scala.meta.internal.pc.CompilerJobQueue$Job.run(CompilerJobQueue.scala:152)
	at java.util.concurrent.ThreadPoolExecutor.runWorker(ThreadPoolExecutor.java:1149)
	... 2 more
2023.05.02 16:07:49 WARN  no build target for: C:\Users\faido\Documents\My Documents\ECE\Semester 6\Advanced Computer Architecture\Elidon\src\main\scala\Fetch Stage\InstructionMemory.scala
May 02, 2023 4:07:54 PM org.eclipse.lsp4j.jsonrpc.RemoteEndpoint handleCancellation
WARNING: Unmatched cancel notification for request id 349
May 02, 2023 4:08:07 PM org.eclipse.lsp4j.jsonrpc.RemoteEndpoint handleCancellation
WARNING: Unmatched cancel notification for request id 418
2023.05.02 16:08:23 WARN  no build target for: C:\Users\faido\Documents\My Documents\ECE\Semester 6\Advanced Computer Architecture\Elidon\src\main\scala\Fetch Stage\InstructionMemory.scala
2023.05.02 16:08:36 WARN  no build target for: C:\Users\faido\Documents\My Documents\ECE\Semester 6\Advanced Computer Architecture\Elidon\src\main\scala\Fetch Stage\InstructionMemory.scala
May 02, 2023 4:08:53 PM org.eclipse.lsp4j.jsonrpc.RemoteEndpoint handleCancellation
WARNING: Unmatched cancel notification for request id 542
May 02, 2023 4:08:53 PM org.eclipse.lsp4j.jsonrpc.RemoteEndpoint handleCancellation
WARNING: Unmatched cancel notification for request id 543
2023.05.02 16:09:15 WARN  no build target for: C:\Users\faido\Documents\My Documents\ECE\Semester 6\Advanced Computer Architecture\Elidon\src\main\scala\Fetch Stage\InstructionMemory.scala
May 02, 2023 4:09:19 PM org.eclipse.lsp4j.jsonrpc.RemoteEndpoint handleCancellation
WARNING: Unmatched cancel notification for request id 581
May 02, 2023 4:10:11 PM org.eclipse.lsp4j.jsonrpc.RemoteEndpoint handleCancellation
WARNING: Unmatched cancel notification for request id 721
2023.05.02 16:10:46 WARN  no build target for: C:\Users\faido\Documents\My Documents\ECE\Semester 6\Advanced Computer Architecture\Elidon\src\main\scala\Fetch Stage\InstructionMemory.scala
May 02, 2023 4:11:29 PM org.eclipse.lsp4j.jsonrpc.RemoteEndpoint handleCancellation
WARNING: Unmatched cancel notification for request id 904
2023.05.02 16:13:18 WARN  no build target for: C:\Users\faido\Documents\My Documents\ECE\Semester 6\Advanced Computer Architecture\Elidon\src\main\scala\Fetch Stage\FetchStage.scala
2023.05.02 16:13:23 WARN  no build target for: C:\Users\faido\Documents\My Documents\ECE\Semester 6\Advanced Computer Architecture\Elidon\src\main\scala\Fetch Stage\FetchStage.scala
2023.05.02 16:13:30 WARN  no build target for: C:\Users\faido\Documents\My Documents\ECE\Semester 6\Advanced Computer Architecture\Elidon\src\main\scala\Fetch Stage\FetchStage.scala
2023.05.02 16:14:50 WARN  no build target for: C:\Users\faido\Documents\My Documents\ECE\Semester 6\Advanced Computer Architecture\Elidon\src\main\scala\Fetch Stage\FetchStage.scala
2023.05.02 16:16:14 WARN  no build target for: C:\Users\faido\Documents\My Documents\ECE\Semester 6\Advanced Computer Architecture\Elidon\src\main\scala\Fetch Stage\FetchStage.scala
2023.05.02 16:16:56 WARN  no build target for: C:\Users\faido\Documents\My Documents\ECE\Semester 6\Advanced Computer Architecture\Elidon\src\main\scala\Fetch Stage\FetchStage.scala
2023.05.02 16:18:38 WARN  no build target for: C:\Users\faido\Documents\My Documents\ECE\Semester 6\Advanced Computer Architecture\Elidon\src\main\scala\Fetch Stage\InstructionMemory.scala
May 02, 2023 4:21:54 PM scala.meta.internal.pc.CompilerAccess handleError
SEVERE: 0
java.lang.IndexOutOfBoundsException: 0
	at scala.collection.LinearSeqOps.apply(LinearSeq.scala:131)
	at scala.collection.LinearSeqOps.apply$(LinearSeq.scala:128)
	at scala.collection.immutable.List.apply(List.scala:79)
	at dotty.tools.dotc.util.Signatures$.countParams(Signatures.scala:501)
	at dotty.tools.dotc.util.Signatures$.applyCallInfo(Signatures.scala:186)
	at dotty.tools.dotc.util.Signatures$.computeSignatureHelp(Signatures.scala:94)
	at dotty.tools.dotc.util.Signatures$.signatureHelp(Signatures.scala:63)
	at scala.meta.internal.pc.MetalsSignatures$.signatures(MetalsSignatures.scala:21)
	at scala.meta.internal.pc.SignatureHelpProvider$.signatureHelp(SignatureHelpProvider.scala:51)

2023.05.02 16:23:01 WARN  no build target for: C:\Users\faido\Documents\My Documents\ECE\Semester 6\Advanced Computer Architecture\Elidon\src\main\scala\Fetch Stage\InstructionMemory.scala
2023.05.02 16:24:39 WARN  no build target for: C:\Users\faido\Documents\My Documents\ECE\Semester 6\Advanced Computer Architecture\Elidon\src\main\scala\Fetch Stage\InstructionMemory.scala
2023.05.02 16:24:39 WARN  no build target for: C:\Users\faido\Documents\My Documents\ECE\Semester 6\Advanced Computer Architecture\Elidon\src\main\scala\Fetch Stage\InstructionMemory.scala
2023.05.02 16:27:12 WARN  no build target for: C:\Users\faido\Documents\My Documents\ECE\Semester 6\Advanced Computer Architecture\Elidon\src\main\scala\Fetch Stage\InstructionMemory.scala
May 02, 2023 4:29:25 PM org.eclipse.lsp4j.jsonrpc.RemoteEndpoint handleCancellation
WARNING: Unmatched cancel notification for request id 1436
May 02, 2023 4:29:36 PM org.eclipse.lsp4j.jsonrpc.RemoteEndpoint handleCancellation
WARNING: Unmatched cancel notification for request id 1461
2023.05.02 16:30:17 WARN  no build target for: C:\Users\faido\Documents\My Documents\ECE\Semester 6\Advanced Computer Architecture\Elidon\src\main\scala\Fetch Stage\InstructionMemory.scala
2023.05.02 16:31:53 WARN  no build target for: C:\Users\faido\Documents\My Documents\ECE\Semester 6\Advanced Computer Architecture\Elidon\src\main\scala\Fetch Stage\InstructionMemory.scala
May 02, 2023 4:34:50 PM org.eclipse.lsp4j.jsonrpc.RemoteEndpoint handleCancellation
WARNING: Unmatched cancel notification for request id 1570
2023.05.02 16:35:28 WARN  no build target for: C:\Users\faido\Documents\My Documents\ECE\Semester 6\Advanced Computer Architecture\Elidon\src\main\scala\Fetch Stage\InstructionMemory.scala
May 02, 2023 4:37:00 PM org.eclipse.lsp4j.jsonrpc.RemoteEndpoint handleCancellation
WARNING: Unmatched cancel notification for request id 1626
May 02, 2023 4:37:56 PM org.eclipse.lsp4j.jsonrpc.RemoteEndpoint handleCancellation
WARNING: Unmatched cancel notification for request id 1665
2023.05.02 16:39:16 WARN  no build target for: C:\Users\faido\Documents\My Documents\ECE\Semester 6\Advanced Computer Architecture\Elidon\src\main\scala\Fetch Stage\InstructionMemory.scala
2023.05.02 16:40:43 WARN  no build target for: C:\Users\faido\Documents\My Documents\ECE\Semester 6\Advanced Computer Architecture\Elidon\src\main\scala\Execute Stage\ExecuteStage.scala
2023.05.02 16:41:25 WARN  no build target for: C:\Users\faido\Documents\My Documents\ECE\Semester 6\Advanced Computer Architecture\Elidon\src\main\scala\Fetch Stage\InstructionMemory.scala
2023.05.02 16:44:58 WARN  no build target for: C:\Users\faido\Documents\My Documents\ECE\Semester 6\Advanced Computer Architecture\Elidon\src\main\scala\Fetch Stage\FetchStage.scala
May 02, 2023 4:45:11 PM org.eclipse.lsp4j.jsonrpc.RemoteEndpoint handleCancellation
WARNING: Unmatched cancel notification for request id 1868
2023.05.02 16:45:16 WARN  no build target for: C:\Users\faido\Documents\My Documents\ECE\Semester 6\Advanced Computer Architecture\Elidon\src\main\scala\Fetch Stage\FetchStage.scala
2023.05.02 16:55:05 WARN  no build target for: C:\Users\faido\Documents\My Documents\ECE\Semester 6\Advanced Computer Architecture\Elidon\src\main\scala\Fetch Stage\FetchStage.scala
2023.05.02 16:55:48 INFO  Shutting down server
2023.05.02 16:55:48 INFO  shutting down Metals
2023.05.02 16:55:48 INFO  Exiting server
2023.05.03 09:48:47 INFO  Started: Metals version 0.11.12 in workspace 'C:\Users\faido\Documents\My Documents\ECE\Semester 6\Advanced Computer Architecture\Elidon' for client Visual Studio Code 1.77.3.
May 03, 2023 9:48:48 AM org.flywaydb.core.internal.license.VersionPrinter printVersionOnly
INFO: Flyway Community Edition 9.16.3 by Redgate
May 03, 2023 9:48:48 AM org.flywaydb.core.internal.license.VersionPrinter printVersion
INFO: See release notes here: https://rd.gt/416ObMi
May 03, 2023 9:48:48 AM org.flywaydb.core.internal.license.VersionPrinter printVersion
INFO: 
May 03, 2023 9:48:48 AM org.flywaydb.core.internal.database.base.BaseDatabaseType createDatabase
INFO: Database: jdbc:h2:file:C:\Users\faido\Documents\My Documents\ECE\Semester 6\Advanced Computer Architecture\Elidon\.metals\metals (H2 2.1)
May 03, 2023 9:48:48 AM org.flywaydb.core.internal.command.DbValidate validate
INFO: Successfully validated 4 migrations (execution time 00:00.023s)
May 03, 2023 9:48:48 AM org.flywaydb.core.internal.command.DbMigrate migrateGroup
INFO: Current version of schema "PUBLIC": 4
May 03, 2023 9:48:48 AM org.flywaydb.core.internal.command.DbMigrate logSummary
INFO: Schema "PUBLIC" is up to date. No migration necessary.
2023.05.03 09:48:48 INFO  time: initialize in 0.59s
2023.05.03 09:48:48 WARN  Build server is not auto-connectable.
2023.05.03 09:48:49 WARN  no build target for: C:\Users\faido\Documents\My Documents\ECE\Semester 6\Advanced Computer Architecture\Elidon\src\main\scala\Fetch Stage\FetchStage.scala
2023.05.03 09:48:49 INFO  skipping build import with status 'Cancelled'
2023.05.03 09:48:51 INFO  no build target found for C:\Users\faido\Documents\My Documents\ECE\Semester 6\Advanced Computer Architecture\Elidon\src\main\scala\Fetch Stage\FetchStage.scala. Using presentation compiler with project's scala-library version: 3.2.2
2023.05.03 09:48:52 INFO  time: code lens generation in 2.67s
2023.05.03 09:48:52 INFO  time: code lens generation in 3.34s
2023.05.03 10:05:10 WARN  no build target for: C:\Users\faido\Documents\My Documents\ECE\Semester 6\Advanced Computer Architecture\Elidon\src\main\scala\Fetch Stage\FetchStage.scala
May 03, 2023 10:05:39 AM scala.meta.internal.pc.CompilerAccess handleError
SEVERE: 0
java.lang.IndexOutOfBoundsException: 0
	at scala.collection.LinearSeqOps.apply(LinearSeq.scala:131)
	at scala.collection.LinearSeqOps.apply$(LinearSeq.scala:128)
	at scala.collection.immutable.List.apply(List.scala:79)
	at dotty.tools.dotc.util.Signatures$.countParams(Signatures.scala:501)
	at dotty.tools.dotc.util.Signatures$.applyCallInfo(Signatures.scala:186)
	at dotty.tools.dotc.util.Signatures$.computeSignatureHelp(Signatures.scala:94)
	at dotty.tools.dotc.util.Signatures$.signatureHelp(Signatures.scala:63)
	at scala.meta.internal.pc.MetalsSignatures$.signatures(MetalsSignatures.scala:21)
	at scala.meta.internal.pc.SignatureHelpProvider$.signatureHelp(SignatureHelpProvider.scala:51)

May 03, 2023 10:05:41 AM scala.meta.internal.pc.CompilerAccess handleError
SEVERE: 0
java.lang.IndexOutOfBoundsException: 0
	at scala.collection.LinearSeqOps.apply(LinearSeq.scala:131)
	at scala.collection.LinearSeqOps.apply$(LinearSeq.scala:128)
	at scala.collection.immutable.List.apply(List.scala:79)
	at dotty.tools.dotc.util.Signatures$.countParams(Signatures.scala:501)
	at dotty.tools.dotc.util.Signatures$.applyCallInfo(Signatures.scala:186)
	at dotty.tools.dotc.util.Signatures$.computeSignatureHelp(Signatures.scala:94)
	at dotty.tools.dotc.util.Signatures$.signatureHelp(Signatures.scala:63)
	at scala.meta.internal.pc.MetalsSignatures$.signatures(MetalsSignatures.scala:21)
	at scala.meta.internal.pc.SignatureHelpProvider$.signatureHelp(SignatureHelpProvider.scala:51)

2023.05.03 10:06:15 WARN  no build target for: C:\Users\faido\Documents\My Documents\ECE\Semester 6\Advanced Computer Architecture\Elidon\src\main\scala\Fetch Stage\FetchStage.scala
May 03, 2023 10:24:31 AM org.eclipse.lsp4j.jsonrpc.RemoteEndpoint handleCancellation
WARNING: Unmatched cancel notification for request id 537
May 03, 2023 10:25:05 AM org.eclipse.lsp4j.jsonrpc.RemoteEndpoint handleCancellation
WARNING: Unmatched cancel notification for request id 641
2023.05.03 10:25:20 WARN  no build target for: C:\Users\faido\Documents\My Documents\ECE\Semester 6\Advanced Computer Architecture\Elidon\src\main\scala\Fetch Stage\FetchStage.scala
2023.05.03 10:27:22 WARN  no build target for: C:\Users\faido\Documents\My Documents\ECE\Semester 6\Advanced Computer Architecture\Elidon\src\main\scala\Main.scala
2023.05.03 10:28:13 WARN  no build target for: C:\Users\faido\Documents\My Documents\ECE\Semester 6\Advanced Computer Architecture\Elidon\src\main\scala\Main.scala
2023.05.03 10:29:44 WARN  no build target for: C:\Users\faido\Documents\My Documents\ECE\Semester 6\Advanced Computer Architecture\Elidon\src\main\scala\Main.scala
May 03, 2023 10:30:00 AM org.eclipse.lsp4j.jsonrpc.RemoteEndpoint handleCancellation
WARNING: Unmatched cancel notification for request id 988
2023.05.03 10:30:06 WARN  no build target for: C:\Users\faido\Documents\My Documents\ECE\Semester 6\Advanced Computer Architecture\Elidon\src\main\scala\Main.scala
2023.05.03 10:38:56 WARN  no build target for: C:\Users\faido\Documents\My Documents\ECE\Semester 6\Advanced Computer Architecture\Elidon\src\main\scala\Execute Stage\ExecuteStage.scala
May 03, 2023 10:40:31 AM org.eclipse.lsp4j.jsonrpc.RemoteEndpoint handleCancellation
WARNING: Unmatched cancel notification for request id 1214
2023.05.03 10:40:45 WARN  no build target for: C:\Users\faido\Documents\My Documents\ECE\Semester 6\Advanced Computer Architecture\Elidon\src\main\scala\Fetch Stage\FetchStage.scala
2023.05.03 10:40:48 WARN  no build target for: C:\Users\faido\Documents\My Documents\ECE\Semester 6\Advanced Computer Architecture\Elidon\src\main\scala\Fetch Stage\FetchStage.scala
2023.05.03 10:40:57 WARN  no build target for: C:\Users\faido\Documents\My Documents\ECE\Semester 6\Advanced Computer Architecture\Elidon\src\main\scala\Decode Stage\DecodeStage.scala
2023.05.03 10:41:03 WARN  no build target for: C:\Users\faido\Documents\My Documents\ECE\Semester 6\Advanced Computer Architecture\Elidon\src\main\scala\Fetch Stage\Assembler.scala
2023.05.03 10:41:12 WARN  no build target for: C:\Users\faido\Documents\My Documents\ECE\Semester 6\Advanced Computer Architecture\Elidon\src\main\scala\Fetch Stage\InstructionMemory.scala
2023.05.03 10:41:41 WARN  no build target for: C:\Users\faido\Documents\My Documents\ECE\Semester 6\Advanced Computer Architecture\Elidon\src\main\scala\Decode Stage\DecodeStage.scala
2023.05.03 10:42:31 WARN  no build target for: C:\Users\faido\Documents\My Documents\ECE\Semester 6\Advanced Computer Architecture\Elidon\src\main\scala\Main.scala
2023.05.03 10:42:33 WARN  no build target for: C:\Users\faido\Documents\My Documents\ECE\Semester 6\Advanced Computer Architecture\Elidon\src\main\scala\Memory and IO\DataMemory.scala
2023.05.03 10:42:37 WARN  no build target for: C:\Users\faido\Documents\My Documents\ECE\Semester 6\Advanced Computer Architecture\Elidon\src\main\scala\Memory Stage\MemoryStage.scala
2023.05.03 11:10:48 WARN  no build target for: C:\Users\faido\Documents\My Documents\ECE\Semester 6\Advanced Computer Architecture\Elidon\src\main\scala\Execute Stage\ExecuteStage.scala
2023.05.03 11:11:33 WARN  no build target for: C:\Users\faido\Documents\My Documents\ECE\Semester 6\Advanced Computer Architecture\Elidon\src\main\scala\Execute Stage\ExecuteStage.scala
May 03, 2023 11:13:14 AM org.eclipse.lsp4j.jsonrpc.RemoteEndpoint handleCancellation
WARNING: Unmatched cancel notification for request id 1727
2023.05.03 11:13:21 WARN  no build target for: C:\Users\faido\Documents\My Documents\ECE\Semester 6\Advanced Computer Architecture\Elidon\src\main\scala\Execute Stage\ExecuteStage.scala
May 03, 2023 11:14:00 AM org.eclipse.lsp4j.jsonrpc.RemoteEndpoint handleCancellation
WARNING: Unmatched cancel notification for request id 1889
2023.05.03 11:14:22 WARN  no build target for: C:\Users\faido\Documents\My Documents\ECE\Semester 6\Advanced Computer Architecture\Elidon\src\main\scala\Main.scala
2023.05.03 11:14:34 WARN  no build target for: C:\Users\faido\Documents\My Documents\ECE\Semester 6\Advanced Computer Architecture\Elidon\src\main\scala\Fetch Stage\FetchStage.scala
2023.05.03 11:14:35 WARN  no build target for: C:\Users\faido\Documents\My Documents\ECE\Semester 6\Advanced Computer Architecture\Elidon\src\main\scala\Decode Stage\DecodeStage.scala
2023.05.03 11:16:08 WARN  no build target for: C:\Users\faido\Documents\My Documents\ECE\Semester 6\Advanced Computer Architecture\Elidon\src\main\scala\Execute Stage\ExecuteStage.scala
May 03, 2023 11:16:19 AM org.eclipse.lsp4j.jsonrpc.RemoteEndpoint handleCancellation
WARNING: Unmatched cancel notification for request id 2276
2023.05.03 11:16:26 WARN  no build target for: C:\Users\faido\Documents\My Documents\ECE\Semester 6\Advanced Computer Architecture\Elidon\src\main\scala\Fetch Stage\FetchStage.scala
2023.05.03 11:16:34 WARN  no build target for: C:\Users\faido\Documents\My Documents\ECE\Semester 6\Advanced Computer Architecture\Elidon\src\main\scala\Fetch Stage\FetchStage.scala
2023.05.03 11:16:36 WARN  no build target for: C:\Users\faido\Documents\My Documents\ECE\Semester 6\Advanced Computer Architecture\Elidon\src\main\scala\Main.scala
2023.05.03 11:16:49 WARN  no build target for: C:\Users\faido\Documents\My Documents\ECE\Semester 6\Advanced Computer Architecture\Elidon\src\main\scala\Main.scala
2023.05.03 11:18:36 WARN  no build target for: C:\Users\faido\Documents\My Documents\ECE\Semester 6\Advanced Computer Architecture\Elidon\src\main\scala\Main.scala
May 03, 2023 11:18:59 AM org.eclipse.lsp4j.jsonrpc.RemoteEndpoint handleCancellation
WARNING: Unmatched cancel notification for request id 2575
2023.05.03 11:19:00 WARN  no build target for: C:\Users\faido\Documents\My Documents\ECE\Semester 6\Advanced Computer Architecture\Elidon\src\main\scala\Fetch Stage\FetchStage.scala
2023.05.03 11:20:03 WARN  no build target for: C:\Users\faido\Documents\My Documents\ECE\Semester 6\Advanced Computer Architecture\Elidon\src\main\scala\Fetch Stage\FetchStage.scala
2023.05.03 11:20:10 WARN  no build target for: C:\Users\faido\Documents\My Documents\ECE\Semester 6\Advanced Computer Architecture\Elidon\src\main\scala\Execute Stage\ExecuteStage.scala
2023.05.03 11:27:30 WARN  no build target for: C:\Users\faido\Documents\My Documents\ECE\Semester 6\Advanced Computer Architecture\Elidon\src\main\scala\Main.scala
2023.05.03 11:27:37 WARN  no build target for: C:\Users\faido\Documents\My Documents\ECE\Semester 6\Advanced Computer Architecture\Elidon\src\main\scala\Decode Stage\DecodeStage.scala
May 03, 2023 11:27:48 AM org.eclipse.lsp4j.jsonrpc.RemoteEndpoint handleCancellation
WARNING: Unmatched cancel notification for request id 2816
2023.05.03 11:28:26 WARN  no build target for: C:\Users\faido\Documents\My Documents\ECE\Semester 6\Advanced Computer Architecture\Elidon\src\main\scala\Fetch Stage\FetchStage.scala
2023.05.03 11:28:28 WARN  no build target for: C:\Users\faido\Documents\My Documents\ECE\Semester 6\Advanced Computer Architecture\Elidon\src\main\scala\Decode Stage\DecodeStage.scala
2023.05.03 11:28:34 WARN  no build target for: C:\Users\faido\Documents\My Documents\ECE\Semester 6\Advanced Computer Architecture\Elidon\src\main\scala\Execute Stage\ExecuteStage.scala
2023.05.03 11:28:39 WARN  no build target for: C:\Users\faido\Documents\My Documents\ECE\Semester 6\Advanced Computer Architecture\Elidon\src\main\scala\Fetch Stage\Assembler.scala
2023.05.03 11:28:44 WARN  no build target for: C:\Users\faido\Documents\My Documents\ECE\Semester 6\Advanced Computer Architecture\Elidon\src\main\scala\Fetch Stage\InstructionMemory.scala
2023.05.03 11:29:10 WARN  no build target for: C:\Users\faido\Documents\My Documents\ECE\Semester 6\Advanced Computer Architecture\Elidon\src\main\scala\Fetch Stage\InstructionMemory.scala
2023.05.03 11:29:42 WARN  no build target for: C:\Users\faido\Documents\My Documents\ECE\Semester 6\Advanced Computer Architecture\Elidon\src\main\scala\Memory and IO\DataMemory.scala
2023.05.03 11:30:14 WARN  no build target for: C:\Users\faido\Documents\My Documents\ECE\Semester 6\Advanced Computer Architecture\Elidon\src\main\scala\Memory and IO\DisplayMultiplexer.scala
2023.05.03 11:30:16 WARN  no build target for: C:\Users\faido\Documents\My Documents\ECE\Semester 6\Advanced Computer Architecture\Elidon\src\main\scala\Memory and IO\SevenSegDec.scala
2023.05.03 11:30:17 WARN  no build target for: C:\Users\faido\Documents\My Documents\ECE\Semester 6\Advanced Computer Architecture\Elidon\src\main\scala\Memory and IO\DisplayMultiplexer.scala
2023.05.03 11:30:27 WARN  no build target for: C:\Users\faido\Documents\My Documents\ECE\Semester 6\Advanced Computer Architecture\Elidon\src\main\scala\Memory and IO\SevenSegDec.scala
2023.05.03 11:30:31 WARN  no build target for: C:\Users\faido\Documents\My Documents\ECE\Semester 6\Advanced Computer Architecture\Elidon\src\main\scala\Memory Stage\MemoryStage.scala
2023.05.03 11:30:41 WARN  no build target for: C:\Users\faido\Documents\My Documents\ECE\Semester 6\Advanced Computer Architecture\Elidon\src\main\scala\Memory Stage\MemoryStage.scala
2023.05.03 11:31:01 WARN  no build target for: C:\Users\faido\Documents\My Documents\ECE\Semester 6\Advanced Computer Architecture\Elidon\src\main\scala\Memory and IO\DisplayMultiplexer.scala
2023.05.03 11:31:01 WARN  no build target for: C:\Users\faido\Documents\My Documents\ECE\Semester 6\Advanced Computer Architecture\Elidon\src\main\scala\Memory and IO\DataMemory.scala
2023.05.03 11:31:27 WARN  no build target for: C:\Users\faido\Documents\My Documents\ECE\Semester 6\Advanced Computer Architecture\Elidon\src\main\scala\Fetch Stage\Assembler.scala
2023.05.03 11:32:02 WARN  no build target for: C:\Users\faido\Documents\My Documents\ECE\Semester 6\Advanced Computer Architecture\Elidon\src\main\scala\Write Back Stage\WriteBackStage.scala
2023.05.03 11:32:10 WARN  no build target for: C:\Users\faido\Documents\My Documents\ECE\Semester 6\Advanced Computer Architecture\Elidon\src\main\scala\Main.scala
2023.05.03 11:32:57 WARN  no build target for: C:\Users\faido\Documents\My Documents\ECE\Semester 6\Advanced Computer Architecture\Elidon\src\main\scala\Write Back Stage\WriteBackStage.scala
2023.05.03 11:32:57 WARN  no build target for: C:\Users\faido\Documents\My Documents\ECE\Semester 6\Advanced Computer Architecture\Elidon\src\main\scala\Memory and IO\DisplayMultiplexer.scala
2023.05.03 11:32:57 WARN  no build target for: C:\Users\faido\Documents\My Documents\ECE\Semester 6\Advanced Computer Architecture\Elidon\src\main\scala\Fetch Stage\InstructionMemory.scala
2023.05.03 11:32:57 WARN  no build target for: C:\Users\faido\Documents\My Documents\ECE\Semester 6\Advanced Computer Architecture\Elidon\src\main\scala\Fetch Stage\FetchStage.scala
2023.05.03 11:32:57 WARN  no build target for: C:\Users\faido\Documents\My Documents\ECE\Semester 6\Advanced Computer Architecture\Elidon\src\main\scala\Execute Stage\ExecuteStage.scala
2023.05.03 11:32:57 WARN  no build target for: C:\Users\faido\Documents\My Documents\ECE\Semester 6\Advanced Computer Architecture\Elidon\src\main\scala\Memory and IO\DataMemory.scala
2023.05.03 11:33:33 WARN  no build target for: C:\Users\faido\Documents\My Documents\ECE\Semester 6\Advanced Computer Architecture\Elidon\src\main\scala\Memory and IO\SevenSegDec.scala
2023.05.03 11:33:59 WARN  no build target for: C:\Users\faido\Documents\My Documents\ECE\Semester 6\Advanced Computer Architecture\Elidon\src\main\scala\Main.scala
2023.05.03 11:33:59 WARN  no build target for: C:\Users\faido\Documents\My Documents\ECE\Semester 6\Advanced Computer Architecture\Elidon\src\main\scala\Fetch Stage\FetchStage.scala
2023.05.03 11:33:59 WARN  no build target for: C:\Users\faido\Documents\My Documents\ECE\Semester 6\Advanced Computer Architecture\Elidon\src\main\scala\Fetch Stage\InstructionMemory.scala
2023.05.03 11:33:59 WARN  no build target for: C:\Users\faido\Documents\My Documents\ECE\Semester 6\Advanced Computer Architecture\Elidon\src\main\scala\Memory and IO\DataMemory.scala
2023.05.03 11:33:59 WARN  no build target for: C:\Users\faido\Documents\My Documents\ECE\Semester 6\Advanced Computer Architecture\Elidon\src\main\scala\Decode Stage\DecodeStage.scala
2023.05.03 11:33:59 WARN  no build target for: C:\Users\faido\Documents\My Documents\ECE\Semester 6\Advanced Computer Architecture\Elidon\src\main\scala\Execute Stage\ExecuteStage.scala
2023.05.03 11:33:59 WARN  no build target for: C:\Users\faido\Documents\My Documents\ECE\Semester 6\Advanced Computer Architecture\Elidon\src\main\scala\Memory and IO\DisplayMultiplexer.scala
2023.05.03 11:33:59 WARN  no build target for: C:\Users\faido\Documents\My Documents\ECE\Semester 6\Advanced Computer Architecture\Elidon\src\main\scala\Memory Stage\MemoryStage.scala
2023.05.03 11:34:11 WARN  no build target for: C:\Users\faido\Documents\My Documents\ECE\Semester 6\Advanced Computer Architecture\Elidon\src\main\scala\Main.scala
2023.05.03 11:34:11 WARN  no build target for: C:\Users\faido\Documents\My Documents\ECE\Semester 6\Advanced Computer Architecture\Elidon\src\main\scala\Fetch Stage\FetchStage.scala
2023.05.03 11:34:12 WARN  no build target for: C:\Users\faido\Documents\My Documents\ECE\Semester 6\Advanced Computer Architecture\Elidon\src\main\scala\Fetch Stage\InstructionMemory.scala
2023.05.03 11:34:12 WARN  no build target for: C:\Users\faido\Documents\My Documents\ECE\Semester 6\Advanced Computer Architecture\Elidon\src\main\scala\Execute Stage\ExecuteStage.scala
2023.05.03 11:34:12 WARN  no build target for: C:\Users\faido\Documents\My Documents\ECE\Semester 6\Advanced Computer Architecture\Elidon\src\main\scala\Decode Stage\DecodeStage.scala
2023.05.03 11:34:12 WARN  no build target for: C:\Users\faido\Documents\My Documents\ECE\Semester 6\Advanced Computer Architecture\Elidon\src\main\scala\Memory and IO\DataMemory.scala
2023.05.03 11:34:12 WARN  no build target for: C:\Users\faido\Documents\My Documents\ECE\Semester 6\Advanced Computer Architecture\Elidon\src\main\scala\Memory and IO\DisplayMultiplexer.scala
2023.05.03 11:34:12 WARN  no build target for: C:\Users\faido\Documents\My Documents\ECE\Semester 6\Advanced Computer Architecture\Elidon\src\main\scala\Write Back Stage\WriteBackStage.scala
2023.05.03 11:35:02 WARN  no build target for: C:\Users\faido\Documents\My Documents\ECE\Semester 6\Advanced Computer Architecture\Elidon\src\main\scala\Main.scala
2023.05.03 11:35:02 WARN  no build target for: C:\Users\faido\Documents\My Documents\ECE\Semester 6\Advanced Computer Architecture\Elidon\src\main\scala\Memory and IO\DataMemory.scala
2023.05.03 11:35:12 WARN  no build target for: C:\Users\faido\Documents\My Documents\ECE\Semester 6\Advanced Computer Architecture\Elidon\src\main\scala\Main.scala
2023.05.03 11:36:49 WARN  no build target for: C:\Users\faido\Documents\My Documents\ECE\Semester 6\Advanced Computer Architecture\Elidon\src\main\scala\Main.scala
2023.05.03 11:38:19 WARN  no build target for: C:\Users\faido\Documents\My Documents\ECE\Semester 6\Digital Electronics 2\chisel-empty\src\main\scala\empty\Add.scala
2023.05.03 11:45:15 WARN  no build target for: C:\Users\faido\Documents\My Documents\ECE\Semester 6\Advanced Computer Architecture\Elidon\src\main\scala\Main.scala
2023.05.03 11:45:27 WARN  no build target for: C:\Users\faido\Documents\My Documents\ECE\Semester 6\Advanced Computer Architecture\Elidon\src\main\scala\Main.scala
May 03, 2023 11:46:51 AM org.eclipse.lsp4j.jsonrpc.services.GenericEndpoint notify
INFO: Unsupported notification method: $/setTrace
